TN:
SF:src/main.ts
FN:33,(anonymous_0)
FN:40,(anonymous_1)
FN:85,(anonymous_2)
FN:115,(anonymous_3)
FN:129,(anonymous_4)
FN:160,(anonymous_5)
FN:229,(anonymous_6)
FN:254,(anonymous_7)
FN:322,(anonymous_8)
FN:329,(anonymous_9)
FN:344,(anonymous_10)
FN:346,(anonymous_11)
FN:353,(anonymous_12)
FN:360,(anonymous_13)
FN:362,(anonymous_14)
FN:366,(anonymous_15)
FN:369,(anonymous_16)
FN:377,(anonymous_17)
FN:390,(anonymous_18)
FN:405,(anonymous_19)
FNF:20
FNH:0
FNDA:0,(anonymous_0)
FNDA:0,(anonymous_1)
FNDA:0,(anonymous_2)
FNDA:0,(anonymous_3)
FNDA:0,(anonymous_4)
FNDA:0,(anonymous_5)
FNDA:0,(anonymous_6)
FNDA:0,(anonymous_7)
FNDA:0,(anonymous_8)
FNDA:0,(anonymous_9)
FNDA:0,(anonymous_10)
FNDA:0,(anonymous_11)
FNDA:0,(anonymous_12)
FNDA:0,(anonymous_13)
FNDA:0,(anonymous_14)
FNDA:0,(anonymous_15)
FNDA:0,(anonymous_16)
FNDA:0,(anonymous_17)
FNDA:0,(anonymous_18)
FNDA:0,(anonymous_19)
DA:28,0
DA:29,0
DA:34,0
DA:41,0
DA:42,0
DA:43,0
DA:46,0
DA:47,0
DA:48,0
DA:52,0
DA:53,0
DA:54,0
DA:58,0
DA:59,0
DA:60,0
DA:64,0
DA:65,0
DA:66,0
DA:69,0
DA:70,0
DA:72,0
DA:75,0
DA:76,0
DA:77,0
DA:78,0
DA:86,0
DA:87,0
DA:88,0
DA:90,0
DA:92,0
DA:93,0
DA:96,0
DA:99,0
DA:100,0
DA:102,0
DA:105,0
DA:106,0
DA:107,0
DA:108,0
DA:116,0
DA:130,0
DA:131,0
DA:133,0
DA:136,0
DA:144,0
DA:150,0
DA:153,0
DA:161,0
DA:162,0
DA:165,0
DA:171,0
DA:172,0
DA:174,0
DA:179,0
DA:219,0
DA:222,0
DA:230,0
DA:231,0
DA:232,0
DA:235,0
DA:242,0
DA:243,0
DA:244,0
DA:245,0
DA:248,0
DA:255,0
DA:256,0
DA:258,0
DA:259,0
DA:261,0
DA:262,0
DA:263,0
DA:264,0
DA:267,0
DA:269,0
DA:270,0
DA:271,0
DA:272,0
DA:276,0
DA:277,0
DA:278,0
DA:282,0
DA:287,0
DA:288,0
DA:290,0
DA:296,0
DA:304,0
DA:305,0
DA:311,0
DA:312,0
DA:315,0
DA:323,0
DA:324,0
DA:326,0
DA:329,0
DA:330,0
DA:331,0
DA:334,0
DA:337,0
DA:346,0
DA:347,0
DA:348,0
DA:349,0
DA:353,0
DA:354,0
DA:355,0
DA:356,0
DA:360,0
DA:361,0
DA:362,0
DA:366,0
DA:367,0
DA:368,0
DA:369,0
DA:377,0
DA:378,0
DA:380,0
DA:382,0
DA:383,0
DA:384,0
DA:390,0
DA:392,0
DA:393,0
DA:396,0
DA:397,0
DA:398,0
DA:399,0
DA:401,0
DA:404,0
DA:405,0
DA:406,0
DA:407,0
LF:132
LH:0
BRDA:47,0,0,0
BRDA:53,1,0,0
BRDA:59,2,0,0
BRDA:65,3,0,0
BRDA:90,4,0,0
BRDA:122,5,0,0
BRDA:122,5,1,0
BRDA:230,6,0,0
BRDA:243,7,0,0
BRDA:262,8,0,0
BRDA:270,9,0,0
BRDA:276,10,0,0
BRDA:304,11,0,0
BRDA:367,12,0,0
BRDA:367,12,1,0
BRDA:382,13,0,0
BRDA:392,14,0,0
BRDA:392,15,0,0
BRDA:392,15,1,0
BRDA:396,16,0,0
BRDA:396,17,0,0
BRDA:396,17,1,0
BRDA:404,18,0,0
BRF:23
BRH:0
end_of_record
TN:
SF:src/actor/system.ts
FN:10,(anonymous_0)
FN:24,(anonymous_1)
FN:28,(anonymous_2)
FN:31,(anonymous_3)
FN:41,(anonymous_4)
FN:42,(anonymous_5)
FN:43,(anonymous_6)
FN:50,(anonymous_7)
FN:51,(anonymous_8)
FN:59,(anonymous_9)
FN:90,(anonymous_10)
FN:109,(anonymous_11)
FN:122,(anonymous_12)
FN:126,(anonymous_13)
FNF:14
FNH:0
FNDA:0,(anonymous_0)
FNDA:0,(anonymous_1)
FNDA:0,(anonymous_2)
FNDA:0,(anonymous_3)
FNDA:0,(anonymous_4)
FNDA:0,(anonymous_5)
FNDA:0,(anonymous_6)
FNDA:0,(anonymous_7)
FNDA:0,(anonymous_8)
FNDA:0,(anonymous_9)
FNDA:0,(anonymous_10)
FNDA:0,(anonymous_11)
FNDA:0,(anonymous_12)
FNDA:0,(anonymous_13)
DA:10,0
DA:11,0
DA:24,0
DA:25,0
DA:28,0
DA:29,0
DA:31,0
DA:32,0
DA:33,0
DA:35,0
DA:36,0
DA:38,0
DA:39,0
DA:41,0
DA:42,0
DA:46,0
DA:47,0
DA:48,0
DA:50,0
DA:51,0
DA:54,0
DA:56,0
DA:58,0
DA:59,0
DA:60,0
DA:61,0
DA:65,0
DA:66,0
DA:68,0
DA:70,0
DA:72,0
DA:73,0
DA:75,0
DA:76,0
DA:78,0
DA:79,0
DA:81,0
DA:84,0
DA:85,0
DA:89,0
DA:94,0
DA:96,0
DA:106,0
DA:110,0
DA:111,0
DA:113,0
DA:118,0
DA:119,0
DA:123,0
DA:124,0
DA:126,0
DA:127,0
DA:131,0
LF:53
LH:0
BRDA:25,0,0,0
BRDA:25,0,1,0
BRDA:33,1,0,0
BRDA:33,2,0,0
BRDA:33,2,1,0
BRDA:33,2,2,0
BRDA:58,3,0,0
BRDA:68,4,0,0
BRDA:68,4,1,0
BRDA:68,4,2,0
BRDA:68,4,3,0
BRDA:68,4,4,0
BRDA:78,5,0,0
BRDA:78,5,1,0
BRDA:97,6,0,0
BRDA:97,6,1,0
BRDA:111,7,0,0
BRDA:114,8,0,0
BRDA:114,8,1,0
BRDA:124,9,0,0
BRF:20
BRH:0
end_of_record
TN:
SF:src/adapters/primary/backtest-api.adapter.ts
FN:11,(anonymous_0)
FN:22,(anonymous_1)
FN:58,(anonymous_2)
FN:103,(anonymous_3)
FN:155,validateBacktestConfig
FNF:5
FNH:0
FNDA:0,(anonymous_0)
FNDA:0,(anonymous_1)
FNDA:0,(anonymous_2)
FNDA:0,(anonymous_3)
FNDA:0,validateBacktestConfig
DA:11,0
DA:14,0
DA:15,0
DA:18,0
DA:19,0
DA:22,0
DA:23,0
DA:24,0
DA:26,0
DA:27,0
DA:33,0
DA:36,0
DA:38,0
DA:39,0
DA:45,0
DA:47,0
DA:49,0
DA:50,0
DA:58,0
DA:59,0
DA:60,0
DA:62,0
DA:63,0
DA:69,0
DA:72,0
DA:74,0
DA:75,0
DA:76,0
DA:77,0
DA:79,0
DA:83,0
DA:84,0
DA:90,0
DA:92,0
DA:94,0
DA:95,0
DA:103,0
DA:104,0
DA:105,0
DA:107,0
DA:108,0
DA:114,0
DA:117,0
DA:119,0
DA:120,0
DA:126,0
DA:127,0
DA:133,0
DA:139,0
DA:141,0
DA:142,0
DA:149,0
DA:157,0
DA:158,0
DA:161,0
DA:162,0
DA:166,0
DA:167,0
DA:169,0
DA:170,0
DA:173,0
DA:174,0
DA:178,0
DA:179,0
DA:183,0
LF:65
LH:0
BRDA:26,0,0,0
BRDA:26,1,0,0
BRDA:26,1,1,0
BRDA:38,2,0,0
BRDA:62,3,0,0
BRDA:62,4,0,0
BRDA:62,4,1,0
BRDA:62,4,2,0
BRDA:76,5,0,0
BRDA:76,5,1,0
BRDA:83,6,0,0
BRDA:107,7,0,0
BRDA:107,8,0,0
BRDA:107,8,1,0
BRDA:107,8,2,0
BRDA:119,9,0,0
BRDA:126,10,0,0
BRDA:157,11,0,0
BRDA:161,12,0,0
BRDA:161,13,0,0
BRDA:161,13,1,0
BRDA:169,14,0,0
BRDA:169,15,0,0
BRDA:169,15,1,0
BRDA:173,16,0,0
BRDA:178,17,0,0
BRDA:178,18,0,0
BRDA:178,18,1,0
BRDA:178,18,2,0
BRDA:188,19,0,0
BRDA:188,19,1,0
BRDA:189,20,0,0
BRDA:189,20,1,0
BRDA:190,21,0,0
BRDA:190,21,1,0
BRDA:191,22,0,0
BRDA:191,22,1,0
BRDA:192,23,0,0
BRDA:192,23,1,0
BRDA:194,24,0,0
BRDA:194,24,1,0
BRF:41
BRH:0
end_of_record
TN:
SF:src/adapters/primary/elliott-wave.strategy.ts
FN:49,(anonymous_0)
FN:75,(anonymous_1)
FN:113,(anonymous_2)
FN:130,(anonymous_3)
FN:170,(anonymous_4)
FN:171,(anonymous_5)
FN:172,(anonymous_6)
FN:179,(anonymous_7)
FN:278,(anonymous_8)
FN:335,(anonymous_9)
FNF:10
FNH:0
FNDA:0,(anonymous_0)
FNDA:0,(anonymous_1)
FNDA:0,(anonymous_2)
FNDA:0,(anonymous_3)
FNDA:0,(anonymous_4)
FNDA:0,(anonymous_5)
FNDA:0,(anonymous_6)
FNDA:0,(anonymous_7)
FNDA:0,(anonymous_8)
FNDA:0,(anonymous_9)
DA:49,0
DA:50,0
DA:53,0
DA:65,0
DA:66,0
DA:69,0
DA:70,0
DA:71,0
DA:72,0
DA:75,0
DA:76,0
DA:78,0
DA:80,0
DA:81,0
DA:82,0
DA:85,0
DA:86,0
DA:87,0
DA:88,0
DA:93,0
DA:94,0
DA:95,0
DA:96,0
DA:97,0
DA:102,0
DA:103,0
DA:104,0
DA:105,0
DA:109,0
DA:113,0
DA:120,0
DA:121,0
DA:130,0
DA:134,0
DA:138,0
DA:139,0
DA:140,0
DA:143,0
DA:144,0
DA:147,0
DA:149,0
DA:150,0
DA:154,0
DA:156,0
DA:157,0
DA:161,0
DA:169,0
DA:170,0
DA:171,0
DA:172,0
DA:180,0
DA:183,0
DA:186,0
DA:188,0
DA:191,0
DA:194,0
DA:198,0
DA:201,0
DA:205,0
DA:206,0
DA:207,0
DA:208,0
DA:210,0
DA:219,0
DA:223,0
DA:224,0
DA:225,0
DA:226,0
DA:228,0
DA:237,0
DA:240,0
DA:241,0
DA:242,0
DA:244,0
DA:252,0
DA:255,0
DA:256,0
DA:257,0
DA:259,0
DA:270,0
DA:271,0
DA:272,0
DA:275,0
DA:279,0
DA:283,0
DA:289,0
DA:292,0
DA:295,0
DA:296,0
DA:298,0
DA:299,0
DA:300,0
DA:304,0
DA:305,0
DA:309,0
DA:312,0
DA:314,0
DA:319,0
DA:327,0
DA:328,0
DA:329,0
DA:332,0
DA:336,0
DA:337,0
DA:338,0
DA:341,0
DA:344,0
DA:345,0
DA:346,0
DA:347,0
DA:348,0
DA:351,0
DA:352,0
DA:353,0
DA:358,0
DA:359,0
DA:361,0
DA:362,0
DA:365,0
LF:119
LH:0
BRDA:59,0,0,0
BRDA:59,0,1,0
BRDA:69,1,0,0
BRDA:69,1,1,0
BRDA:70,2,0,0
BRDA:70,2,1,0
BRDA:71,3,0,0
BRDA:71,3,1,0
BRDA:72,4,0,0
BRDA:72,4,1,0
BRDA:76,5,0,0
BRDA:86,6,0,0
BRDA:86,7,0,0
BRDA:86,7,1,0
BRDA:93,8,0,0
BRDA:95,9,0,0
BRDA:95,10,0,0
BRDA:95,10,1,0
BRDA:102,11,0,0
BRDA:102,11,1,0
BRDA:104,12,0,0
BRDA:120,13,0,0
BRDA:143,14,0,0
BRDA:147,15,0,0
BRDA:147,15,1,0
BRDA:147,16,0,0
BRDA:147,16,1,0
BRDA:147,16,2,0
BRDA:147,16,3,0
BRDA:150,17,0,0
BRDA:150,17,1,0
BRDA:150,17,2,0
BRDA:154,18,0,0
BRDA:154,19,0,0
BRDA:154,19,1,0
BRDA:154,19,2,0
BRDA:154,19,3,0
BRDA:157,20,0,0
BRDA:157,20,1,0
BRDA:157,20,2,0
BRDA:180,21,0,0
BRDA:186,22,0,0
BRDA:194,23,0,0
BRDA:194,24,0,0
BRDA:194,24,1,0
BRDA:194,24,2,0
BRDA:201,25,0,0
BRDA:201,25,1,0
BRDA:201,26,0,0
BRDA:201,26,1,0
BRDA:201,26,2,0
BRDA:201,26,3,0
BRDA:201,26,4,0
BRDA:219,27,0,0
BRDA:219,27,1,0
BRDA:219,28,0,0
BRDA:219,28,1,0
BRDA:219,28,2,0
BRDA:219,28,3,0
BRDA:219,28,4,0
BRDA:223,29,0,0
BRDA:223,29,1,0
BRDA:232,30,0,0
BRDA:232,30,1,0
BRDA:237,31,0,0
BRDA:237,31,1,0
BRDA:237,32,0,0
BRDA:237,32,1,0
BRDA:237,32,2,0
BRDA:252,33,0,0
BRDA:252,34,0,0
BRDA:252,34,1,0
BRDA:252,34,2,0
BRDA:271,35,0,0
BRDA:279,36,0,0
BRDA:283,37,0,0
BRDA:283,37,1,0
BRDA:283,38,0,0
BRDA:283,38,1,0
BRDA:283,38,2,0
BRDA:283,38,3,0
BRDA:289,39,0,0
BRDA:289,39,1,0
BRDA:298,40,0,0
BRDA:304,41,0,0
BRDA:312,42,0,0
BRDA:312,42,1,0
BRDA:314,43,0,0
BRDA:314,43,1,0
BRDA:322,44,0,0
BRDA:322,44,1,0
BRDA:327,45,0,0
BRDA:327,46,0,0
BRDA:327,46,1,0
BRDA:336,47,0,0
BRDA:336,48,0,0
BRDA:336,48,1,0
BRDA:352,49,0,0
BRDA:352,50,0,0
BRDA:352,50,1,0
BRDA:352,50,2,0
BRDA:358,51,0,0
BRF:102
BRH:0
end_of_record
TN:
SF:src/adapters/primary/harmonic-pattern.strategy.ts
FN:57,(anonymous_0)
FN:102,(anonymous_1)
FN:132,(anonymous_2)
FN:138,(anonymous_3)
FN:143,(anonymous_4)
FN:262,(anonymous_5)
FN:263,(anonymous_6)
FN:264,(anonymous_7)
FN:271,(anonymous_8)
FN:290,(anonymous_9)
FN:291,(anonymous_10)
FN:292,(anonymous_11)
FN:293,(anonymous_12)
FN:369,(anonymous_13)
FN:426,(anonymous_14)
FNF:15
FNH:0
FNDA:0,(anonymous_0)
FNDA:0,(anonymous_1)
FNDA:0,(anonymous_2)
FNDA:0,(anonymous_3)
FNDA:0,(anonymous_4)
FNDA:0,(anonymous_5)
FNDA:0,(anonymous_6)
FNDA:0,(anonymous_7)
FNDA:0,(anonymous_8)
FNDA:0,(anonymous_9)
FNDA:0,(anonymous_10)
FNDA:0,(anonymous_11)
FNDA:0,(anonymous_12)
FNDA:0,(anonymous_13)
FNDA:0,(anonymous_14)
DA:57,0
DA:58,0
DA:61,0
DA:73,0
DA:74,0
DA:77,0
DA:78,0
DA:79,0
DA:80,0
DA:83,0
DA:102,0
DA:103,0
DA:105,0
DA:107,0
DA:108,0
DA:109,0
DA:111,0
DA:112,0
DA:113,0
DA:115,0
DA:116,0
DA:118,0
DA:121,0
DA:122,0
DA:123,0
DA:124,0
DA:128,0
DA:132,0
DA:133,0
DA:134,0
DA:138,0
DA:139,0
DA:143,0
DA:144,0
DA:146,0
DA:149,0
DA:152,0
DA:153,0
DA:155,0
DA:156,0
DA:157,0
DA:159,0
DA:160,0
DA:161,0
DA:163,0
DA:164,0
DA:165,0
DA:167,0
DA:168,0
DA:169,0
DA:172,0
DA:173,0
DA:174,0
DA:175,0
DA:180,0
DA:181,0
DA:186,0
DA:191,0
DA:203,0
DA:208,0
DA:220,0
DA:225,0
DA:237,0
DA:242,0
DA:258,0
DA:261,0
DA:262,0
DA:263,0
DA:264,0
DA:272,0
DA:275,0
DA:278,0
DA:280,0
DA:283,0
DA:286,0
DA:290,0
DA:292,0
DA:293,0
DA:294,0
DA:297,0
DA:298,0
DA:301,0
DA:302,0
DA:303,0
DA:304,0
DA:305,0
DA:307,0
DA:316,0
DA:317,0
DA:318,0
DA:319,0
DA:320,0
DA:322,0
DA:331,0
DA:332,0
DA:333,0
DA:334,0
DA:336,0
DA:344,0
DA:345,0
DA:346,0
DA:347,0
DA:349,0
DA:361,0
DA:362,0
DA:363,0
DA:366,0
DA:370,0
DA:374,0
DA:380,0
DA:383,0
DA:386,0
DA:387,0
DA:389,0
DA:390,0
DA:391,0
DA:395,0
DA:396,0
DA:400,0
DA:403,0
DA:405,0
DA:410,0
DA:418,0
DA:419,0
DA:420,0
DA:423,0
DA:427,0
DA:428,0
DA:429,0
DA:432,0
DA:435,0
DA:436,0
DA:437,0
DA:438,0
DA:441,0
DA:442,0
DA:443,0
DA:448,0
DA:449,0
DA:452,0
DA:455,0
LF:141
LH:0
BRDA:68,0,0,0
BRDA:68,0,1,0
BRDA:77,1,0,0
BRDA:77,1,1,0
BRDA:78,2,0,0
BRDA:78,2,1,0
BRDA:79,3,0,0
BRDA:79,3,1,0
BRDA:80,4,0,0
BRDA:80,4,1,0
BRDA:103,5,0,0
BRDA:112,6,0,0
BRDA:112,7,0,0
BRDA:112,7,1,0
BRDA:115,8,0,0
BRDA:115,9,0,0
BRDA:115,9,1,0
BRDA:118,10,0,0
BRDA:118,11,0,0
BRDA:118,11,1,0
BRDA:121,12,0,0
BRDA:121,12,1,0
BRDA:123,13,0,0
BRDA:133,14,0,0
BRDA:144,15,0,0
BRDA:156,16,0,0
BRDA:160,17,0,0
BRDA:164,18,0,0
BRDA:168,19,0,0
BRDA:180,20,0,0
BRDA:180,20,1,0
BRDA:181,21,0,0
BRDA:181,21,1,0
BRDA:186,22,0,0
BRDA:186,22,1,0
BRDA:186,23,0,0
BRDA:186,23,1,0
BRDA:186,23,2,0
BRDA:186,23,3,0
BRDA:186,23,4,0
BRDA:186,23,5,0
BRDA:193,24,0,0
BRDA:193,24,1,0
BRDA:198,25,0,0
BRDA:198,25,1,0
BRDA:203,26,0,0
BRDA:203,26,1,0
BRDA:203,27,0,0
BRDA:203,27,1,0
BRDA:203,27,2,0
BRDA:203,27,3,0
BRDA:203,27,4,0
BRDA:210,28,0,0
BRDA:210,28,1,0
BRDA:215,29,0,0
BRDA:215,29,1,0
BRDA:220,30,0,0
BRDA:220,30,1,0
BRDA:220,31,0,0
BRDA:220,31,1,0
BRDA:220,31,2,0
BRDA:220,31,3,0
BRDA:227,32,0,0
BRDA:227,32,1,0
BRDA:232,33,0,0
BRDA:232,33,1,0
BRDA:237,34,0,0
BRDA:237,35,0,0
BRDA:237,35,1,0
BRDA:237,35,2,0
BRDA:237,35,3,0
BRDA:244,36,0,0
BRDA:244,36,1,0
BRDA:249,37,0,0
BRDA:249,37,1,0
BRDA:272,38,0,0
BRDA:278,39,0,0
BRDA:286,40,0,0
BRDA:286,41,0,0
BRDA:286,41,1,0
BRDA:297,42,0,0
BRDA:301,43,0,0
BRDA:301,43,1,0
BRDA:301,44,0,0
BRDA:301,44,1,0
BRDA:316,45,0,0
BRDA:316,45,1,0
BRDA:316,46,0,0
BRDA:316,46,1,0
BRDA:331,47,0,0
BRDA:331,47,1,0
BRDA:331,48,0,0
BRDA:331,48,1,0
BRDA:344,49,0,0
BRDA:344,50,0,0
BRDA:344,50,1,0
BRDA:362,51,0,0
BRDA:370,52,0,0
BRDA:374,53,0,0
BRDA:374,53,1,0
BRDA:374,54,0,0
BRDA:374,54,1,0
BRDA:374,54,2,0
BRDA:374,54,3,0
BRDA:380,55,0,0
BRDA:380,55,1,0
BRDA:389,56,0,0
BRDA:395,57,0,0
BRDA:403,58,0,0
BRDA:403,58,1,0
BRDA:405,59,0,0
BRDA:405,59,1,0
BRDA:413,60,0,0
BRDA:413,60,1,0
BRDA:418,61,0,0
BRDA:418,62,0,0
BRDA:418,62,1,0
BRDA:427,63,0,0
BRDA:427,64,0,0
BRDA:427,64,1,0
BRDA:442,65,0,0
BRDA:442,66,0,0
BRDA:442,66,1,0
BRDA:442,66,2,0
BRDA:448,67,0,0
BRF:125
BRH:0
end_of_record
TN:
SF:src/adapters/primary/rsi-divergence.strategy.ts
FN:41,(anonymous_0)
FN:67,(anonymous_1)
FN:98,(anonymous_2)
FN:137,(anonymous_3)
FN:138,(anonymous_4)
FN:139,(anonymous_5)
FN:146,(anonymous_6)
FN:201,(anonymous_7)
FN:202,(anonymous_8)
FN:203,(anonymous_9)
FN:204,(anonymous_10)
FN:310,(anonymous_11)
FN:369,(anonymous_12)
FN:412,(anonymous_13)
FN:413,(anonymous_14)
FN:414,(anonymous_15)
FN:415,(anonymous_16)
FNF:17
FNH:0
FNDA:0,(anonymous_0)
FNDA:0,(anonymous_1)
FNDA:0,(anonymous_2)
FNDA:0,(anonymous_3)
FNDA:0,(anonymous_4)
FNDA:0,(anonymous_5)
FNDA:0,(anonymous_6)
FNDA:0,(anonymous_7)
FNDA:0,(anonymous_8)
FNDA:0,(anonymous_9)
FNDA:0,(anonymous_10)
FNDA:0,(anonymous_11)
FNDA:0,(anonymous_12)
FNDA:0,(anonymous_13)
FNDA:0,(anonymous_14)
FNDA:0,(anonymous_15)
FNDA:0,(anonymous_16)
DA:41,0
DA:42,0
DA:45,0
DA:58,0
DA:59,0
DA:62,0
DA:63,0
DA:64,0
DA:67,0
DA:68,0
DA:69,0
DA:72,0
DA:75,0
DA:76,0
DA:77,0
DA:80,0
DA:81,0
DA:82,0
DA:84,0
DA:85,0
DA:87,0
DA:90,0
DA:91,0
DA:94,0
DA:98,0
DA:102,0
DA:104,0
DA:108,0
DA:109,0
DA:112,0
DA:113,0
DA:116,0
DA:118,0
DA:123,0
DA:129,0
DA:133,0
DA:136,0
DA:137,0
DA:138,0
DA:139,0
DA:147,0
DA:148,0
DA:149,0
DA:152,0
DA:153,0
DA:154,0
DA:158,0
DA:159,0
DA:162,0
DA:163,0
DA:164,0
DA:165,0
DA:169,0
DA:171,0
DA:175,0
DA:176,0
DA:179,0
DA:180,0
DA:181,0
DA:184,0
DA:185,0
DA:187,0
DA:190,0
DA:191,0
DA:192,0
DA:201,0
DA:202,0
DA:203,0
DA:204,0
DA:207,0
DA:208,0
DA:219,0
DA:220,0
DA:222,0
DA:223,0
DA:224,0
DA:230,0
DA:231,0
DA:232,0
DA:233,0
DA:235,0
DA:236,0
DA:237,0
DA:243,0
DA:244,0
DA:245,0
DA:247,0
DA:248,0
DA:254,0
DA:255,0
DA:256,0
DA:258,0
DA:259,0
DA:265,0
DA:266,0
DA:268,0
DA:284,0
DA:291,0
DA:292,0
DA:294,0
DA:295,0
DA:298,0
DA:301,0
DA:306,0
DA:311,0
DA:315,0
DA:321,0
DA:322,0
DA:325,0
DA:328,0
DA:329,0
DA:332,0
DA:333,0
DA:334,0
DA:338,0
DA:339,0
DA:343,0
DA:346,0
DA:348,0
DA:353,0
DA:361,0
DA:362,0
DA:363,0
DA:366,0
DA:370,0
DA:371,0
DA:372,0
DA:375,0
DA:378,0
DA:379,0
DA:380,0
DA:381,0
DA:382,0
DA:383,0
DA:386,0
DA:387,0
DA:389,0
DA:392,0
DA:393,0
DA:397,0
DA:399,0
DA:400,0
DA:401,0
DA:408,0
DA:409,0
DA:410,0
DA:412,0
DA:413,0
DA:414,0
DA:415,0
DA:418,0
LF:151
LH:0
BRDA:54,0,0,0
BRDA:54,0,1,0
BRDA:62,1,0,0
BRDA:62,1,1,0
BRDA:63,2,0,0
BRDA:63,2,1,0
BRDA:64,3,0,0
BRDA:64,3,1,0
BRDA:72,4,0,0
BRDA:81,5,0,0
BRDA:81,6,0,0
BRDA:81,6,1,0
BRDA:84,7,0,0
BRDA:84,8,0,0
BRDA:84,8,1,0
BRDA:87,9,0,0
BRDA:87,10,0,0
BRDA:87,10,1,0
BRDA:90,11,0,0
BRDA:91,12,0,0
BRDA:102,13,0,0
BRDA:102,14,0,0
BRDA:102,14,1,0
BRDA:116,15,0,0
BRDA:116,16,0,0
BRDA:116,16,1,0
BRDA:116,16,2,0
BRDA:116,16,3,0
BRDA:123,17,0,0
BRDA:123,17,1,0
BRDA:123,17,2,0
BRDA:129,18,0,0
BRDA:129,18,1,0
BRDA:129,18,2,0
BRDA:149,19,0,0
BRDA:152,20,0,0
BRDA:152,21,0,0
BRDA:152,21,1,0
BRDA:163,22,0,0
BRDA:169,23,0,0
BRDA:169,23,1,0
BRDA:179,24,0,0
BRDA:184,25,0,0
BRDA:219,26,0,0
BRDA:219,26,1,0
BRDA:219,27,0,0
BRDA:219,27,1,0
BRDA:219,27,2,0
BRDA:232,28,0,0
BRDA:232,28,1,0
BRDA:232,29,0,0
BRDA:232,29,1,0
BRDA:232,29,2,0
BRDA:245,30,0,0
BRDA:245,30,1,0
BRDA:245,31,0,0
BRDA:245,31,1,0
BRDA:245,31,2,0
BRDA:256,32,0,0
BRDA:256,32,1,0
BRDA:256,33,0,0
BRDA:256,33,1,0
BRDA:256,33,2,0
BRDA:277,34,0,0
BRDA:277,34,1,0
BRDA:277,34,2,0
BRDA:278,35,0,0
BRDA:278,35,1,0
BRDA:278,35,2,0
BRDA:291,36,0,0
BRDA:294,37,0,0
BRDA:311,38,0,0
BRDA:315,39,0,0
BRDA:315,39,1,0
BRDA:315,40,0,0
BRDA:315,40,1,0
BRDA:315,40,2,0
BRDA:315,40,3,0
BRDA:321,41,0,0
BRDA:321,41,1,0
BRDA:332,42,0,0
BRDA:338,43,0,0
BRDA:346,44,0,0
BRDA:346,44,1,0
BRDA:348,45,0,0
BRDA:348,45,1,0
BRDA:356,46,0,0
BRDA:356,46,1,0
BRDA:361,47,0,0
BRDA:361,48,0,0
BRDA:361,48,1,0
BRDA:370,49,0,0
BRDA:370,50,0,0
BRDA:370,50,1,0
BRDA:387,51,0,0
BRDA:387,52,0,0
BRDA:387,52,1,0
BRDA:387,52,2,0
BRDA:392,53,0,0
BRDA:399,54,0,0
BRDA:408,55,0,0
BRDA:408,56,0,0
BRDA:408,56,1,0
BRF:103
BRH:0
end_of_record
TN:
SF:src/adapters/primary/strategy-actor.adapter.ts
FN:30,(anonymous_0)
FN:54,(anonymous_1)
FNF:2
FNH:0
FNDA:0,(anonymous_0)
FNDA:0,(anonymous_1)
DA:30,0
DA:34,0
DA:35,0
DA:36,0
DA:39,0
DA:54,0
DA:59,0
DA:61,0
DA:63,0
DA:64,0
DA:67,0
DA:68,0
DA:71,0
DA:72,0
DA:75,0
DA:76,0
DA:79,0
DA:82,0
DA:83,0
DA:86,0
DA:96,0
DA:107,0
DA:115,0
DA:116,0
DA:121,0
DA:122,0
DA:126,0
DA:137,0
DA:141,0
DA:142,0
DA:147,0
LF:31
LH:0
BRDA:32,0,0,0
BRDA:61,1,0,0
BRDA:61,1,1,0
BRDA:61,1,2,0
BRDA:61,1,3,0
BRDA:63,2,0,0
BRDA:68,3,0,0
BRDA:68,3,1,0
BRDA:71,4,0,0
BRDA:82,5,0,0
BRDA:82,6,0,0
BRDA:82,6,1,0
BRDA:111,7,0,0
BRDA:111,7,1,0
BRDA:129,8,0,0
BRDA:129,8,1,0
BRF:16
BRH:0
end_of_record
TN:
SF:src/adapters/primary/volume-analysis.strategy.ts
FN:48,(anonymous_0)
FN:77,(anonymous_1)
FN:84,(anonymous_2)
FN:111,(anonymous_3)
FN:132,(anonymous_4)
FN:133,(anonymous_5)
FN:134,(anonymous_6)
FN:141,(anonymous_7)
FN:345,(anonymous_8)
FN:402,(anonymous_9)
FNF:10
FNH:0
FNDA:0,(anonymous_0)
FNDA:0,(anonymous_1)
FNDA:0,(anonymous_2)
FNDA:0,(anonymous_3)
FNDA:0,(anonymous_4)
FNDA:0,(anonymous_5)
FNDA:0,(anonymous_6)
FNDA:0,(anonymous_7)
FNDA:0,(anonymous_8)
FNDA:0,(anonymous_9)
DA:48,0
DA:49,0
DA:52,0
DA:68,0
DA:69,0
DA:72,0
DA:73,0
DA:74,0
DA:77,0
DA:78,0
DA:80,0
DA:84,0
DA:91,0
DA:92,0
DA:102,0
DA:103,0
DA:104,0
DA:107,0
DA:110,0
DA:111,0
DA:112,0
DA:117,0
DA:120,0
DA:122,0
DA:131,0
DA:132,0
DA:133,0
DA:134,0
DA:142,0
DA:143,0
DA:144,0
DA:147,0
DA:148,0
DA:149,0
DA:153,0
DA:154,0
DA:155,0
DA:164,0
DA:169,0
DA:178,0
DA:179,0
DA:180,0
DA:181,0
DA:182,0
DA:189,0
DA:190,0
DA:194,0
DA:195,0
DA:196,0
DA:197,0
DA:198,0
DA:207,0
DA:208,0
DA:212,0
DA:213,0
DA:214,0
DA:215,0
DA:216,0
DA:226,0
DA:227,0
DA:239,0
DA:241,0
DA:242,0
DA:245,0
DA:247,0
DA:248,0
DA:260,0
DA:263,0
DA:264,0
DA:265,0
DA:266,0
DA:267,0
DA:276,0
DA:279,0
DA:280,0
DA:281,0
DA:282,0
DA:283,0
DA:292,0
DA:294,0
DA:295,0
DA:296,0
DA:297,0
DA:305,0
DA:307,0
DA:308,0
DA:309,0
DA:310,0
DA:321,0
DA:322,0
DA:323,0
DA:325,0
DA:326,0
DA:328,0
DA:329,0
DA:331,0
DA:332,0
DA:334,0
DA:335,0
DA:338,0
DA:340,0
DA:341,0
DA:346,0
DA:350,0
DA:356,0
DA:359,0
DA:362,0
DA:363,0
DA:365,0
DA:366,0
DA:367,0
DA:371,0
DA:372,0
DA:376,0
DA:379,0
DA:381,0
DA:386,0
DA:394,0
DA:395,0
DA:396,0
DA:399,0
DA:403,0
DA:404,0
DA:405,0
DA:408,0
DA:411,0
DA:412,0
DA:413,0
DA:414,0
DA:415,0
DA:416,0
DA:417,0
DA:418,0
DA:421,0
DA:422,0
DA:424,0
DA:425,0
DA:428,0
DA:433,0
DA:434,0
DA:435,0
DA:436,0
DA:439,0
DA:440,0
DA:444,0
DA:445,0
DA:446,0
DA:450,0
DA:451,0
DA:455,0
DA:456,0
DA:457,0
DA:463,0
LF:153
LH:0
BRDA:61,0,0,0
BRDA:61,0,1,0
BRDA:72,1,0,0
BRDA:72,1,1,0
BRDA:73,2,0,0
BRDA:73,2,1,0
BRDA:74,3,0,0
BRDA:74,3,1,0
BRDA:78,4,0,0
BRDA:80,5,0,0
BRDA:80,5,1,0
BRDA:91,6,0,0
BRDA:91,7,0,0
BRDA:91,7,1,0
BRDA:112,8,0,0
BRDA:112,8,1,0
BRDA:114,9,0,0
BRDA:114,9,1,0
BRDA:117,10,0,0
BRDA:117,10,1,0
BRDA:117,10,2,0
BRDA:120,11,0,0
BRDA:120,11,1,0
BRDA:120,11,2,0
BRDA:144,12,0,0
BRDA:147,13,0,0
BRDA:147,14,0,0
BRDA:147,14,1,0
BRDA:147,14,2,0
BRDA:147,14,3,0
BRDA:166,15,0,0
BRDA:166,15,1,0
BRDA:189,16,0,0
BRDA:195,17,0,0
BRDA:207,18,0,0
BRDA:213,19,0,0
BRDA:239,20,0,0
BRDA:239,21,0,0
BRDA:239,21,1,0
BRDA:242,22,0,0
BRDA:242,22,1,0
BRDA:245,23,0,0
BRDA:247,24,0,0
BRDA:247,24,1,0
BRDA:260,25,0,0
BRDA:260,25,1,0
BRDA:260,26,0,0
BRDA:260,26,1,0
BRDA:260,26,2,0
BRDA:276,27,0,0
BRDA:276,27,1,0
BRDA:276,28,0,0
BRDA:276,28,1,0
BRDA:276,28,2,0
BRDA:292,29,0,0
BRDA:292,29,1,0
BRDA:292,30,0,0
BRDA:292,30,1,0
BRDA:292,30,2,0
BRDA:305,31,0,0
BRDA:305,32,0,0
BRDA:305,32,1,0
BRDA:305,32,2,0
BRDA:322,33,0,0
BRDA:325,34,0,0
BRDA:328,35,0,0
BRDA:331,36,0,0
BRDA:334,37,0,0
BRDA:346,38,0,0
BRDA:350,39,0,0
BRDA:350,39,1,0
BRDA:350,40,0,0
BRDA:350,40,1,0
BRDA:350,40,2,0
BRDA:350,40,3,0
BRDA:356,41,0,0
BRDA:356,41,1,0
BRDA:365,42,0,0
BRDA:371,43,0,0
BRDA:379,44,0,0
BRDA:379,44,1,0
BRDA:381,45,0,0
BRDA:381,45,1,0
BRDA:389,46,0,0
BRDA:389,46,1,0
BRDA:394,47,0,0
BRDA:394,48,0,0
BRDA:394,48,1,0
BRDA:403,49,0,0
BRDA:403,50,0,0
BRDA:403,50,1,0
BRDA:422,51,0,0
BRDA:422,52,0,0
BRDA:422,52,1,0
BRDA:422,52,2,0
BRDA:422,52,3,0
BRDA:422,52,4,0
BRDA:430,53,0,0
BRDA:430,53,1,0
BRDA:439,54,0,0
BRDA:445,55,0,0
BRDA:450,56,0,0
BRDA:456,57,0,0
BRF:103
BRH:0
end_of_record
TN:
SF:src/adapters/secondary/dydx-client.adapter.ts
FN:42,(anonymous_0)
FN:60,(anonymous_1)
FN:81,(anonymous_2)
FN:94,(anonymous_3)
FN:98,(anonymous_4)
FN:114,(anonymous_5)
FN:122,(anonymous_6)
FN:133,(anonymous_7)
FN:150,(anonymous_8)
FN:165,(anonymous_9)
FN:186,(anonymous_10)
FN:201,(anonymous_11)
FN:217,(anonymous_12)
FN:264,(anonymous_13)
FN:267,(anonymous_14)
FN:327,(anonymous_15)
FN:347,(anonymous_16)
FN:374,(anonymous_17)
FN:381,(anonymous_18)
FN:395,(anonymous_19)
FN:407,(anonymous_20)
FN:424,(anonymous_21)
FN:504,(anonymous_22)
FN:530,(anonymous_23)
FN:533,(anonymous_24)
FN:578,(anonymous_25)
FN:596,(anonymous_26)
FN:619,(anonymous_27)
FN:648,(anonymous_28)
FN:690,(anonymous_29)
FNF:30
FNH:0
FNDA:0,(anonymous_0)
FNDA:0,(anonymous_1)
FNDA:0,(anonymous_2)
FNDA:0,(anonymous_3)
FNDA:0,(anonymous_4)
FNDA:0,(anonymous_5)
FNDA:0,(anonymous_6)
FNDA:0,(anonymous_7)
FNDA:0,(anonymous_8)
FNDA:0,(anonymous_9)
FNDA:0,(anonymous_10)
FNDA:0,(anonymous_11)
FNDA:0,(anonymous_12)
FNDA:0,(anonymous_13)
FNDA:0,(anonymous_14)
FNDA:0,(anonymous_15)
FNDA:0,(anonymous_16)
FNDA:0,(anonymous_17)
FNDA:0,(anonymous_18)
FNDA:0,(anonymous_19)
FNDA:0,(anonymous_20)
FNDA:0,(anonymous_21)
FNDA:0,(anonymous_22)
FNDA:0,(anonymous_23)
FNDA:0,(anonymous_24)
FNDA:0,(anonymous_25)
FNDA:0,(anonymous_26)
FNDA:0,(anonymous_27)
FNDA:0,(anonymous_28)
FNDA:0,(anonymous_29)
DA:42,0
DA:46,0
DA:49,0
DA:60,0
DA:61,0
DA:62,0
DA:63,0
DA:66,0
DA:67,0
DA:68,0
DA:69,0
DA:70,0
DA:72,0
DA:75,0
DA:78,0
DA:81,0
DA:82,0
DA:83,0
DA:84,0
DA:87,0
DA:88,0
DA:91,0
DA:94,0
DA:95,0
DA:98,0
DA:99,0
DA:100,0
DA:103,0
DA:104,0
DA:110,0
DA:114,0
DA:115,0
DA:116,0
DA:117,0
DA:119,0
DA:122,0
DA:123,0
DA:125,0
DA:127,0
DA:129,0
DA:133,0
DA:134,0
DA:136,0
DA:138,0
DA:140,0
DA:142,0
DA:144,0
DA:146,0
DA:150,0
DA:151,0
DA:153,0
DA:155,0
DA:157,0
DA:159,0
DA:161,0
DA:165,0
DA:166,0
DA:168,0
DA:186,0
DA:187,0
DA:189,0
DA:191,0
DA:193,0
DA:195,0
DA:197,0
DA:201,0
DA:202,0
DA:204,0
DA:206,0
DA:208,0
DA:210,0
DA:212,0
DA:217,0
DA:218,0
DA:219,0
DA:220,0
DA:223,0
DA:224,0
DA:225,0
DA:228,0
DA:231,0
DA:234,0
DA:237,0
DA:238,0
DA:240,0
DA:249,0
DA:250,0
DA:252,0
DA:255,0
DA:256,0
DA:257,0
DA:260,0
DA:264,0
DA:265,0
DA:266,0
DA:267,0
DA:268,0
DA:269,0
DA:270,0
DA:271,0
DA:273,0
DA:274,0
DA:275,0
DA:277,0
DA:278,0
DA:279,0
DA:280,0
DA:287,0
DA:288,0
DA:289,0
DA:290,0
DA:291,0
DA:292,0
DA:294,0
DA:296,0
DA:297,0
DA:298,0
DA:299,0
DA:301,0
DA:302,0
DA:304,0
DA:305,0
DA:307,0
DA:308,0
DA:309,0
DA:310,0
DA:317,0
DA:318,0
DA:320,0
DA:323,0
DA:327,0
DA:328,0
DA:329,0
DA:331,0
DA:332,0
DA:336,0
DA:337,0
DA:338,0
DA:342,0
DA:346,0
DA:348,0
DA:350,0
DA:352,0
DA:353,0
DA:355,0
DA:356,0
DA:360,0
DA:361,0
DA:364,0
DA:367,0
DA:369,0
DA:370,0
DA:375,0
DA:376,0
DA:377,0
DA:382,0
DA:383,0
DA:384,0
DA:387,0
DA:388,0
DA:392,0
DA:396,0
DA:397,0
DA:398,0
DA:401,0
DA:402,0
DA:403,0
DA:407,0
DA:416,0
DA:417,0
DA:423,0
DA:425,0
DA:430,0
DA:431,0
DA:432,0
DA:433,0
DA:434,0
DA:440,0
DA:441,0
DA:442,0
DA:445,0
DA:458,0
DA:466,0
DA:477,0
DA:488,0
DA:494,0
DA:495,0
DA:497,0
DA:503,0
DA:504,0
DA:507,0
DA:508,0
DA:509,0
DA:511,0
DA:516,0
DA:521,0
DA:527,0
DA:528,0
DA:530,0
DA:533,0
DA:534,0
DA:535,0
DA:540,0
DA:541,0
DA:542,0
DA:544,0
DA:550,0
DA:554,0
DA:555,0
DA:570,0
DA:571,0
DA:573,0
DA:574,0
DA:579,0
DA:580,0
DA:581,0
DA:582,0
DA:583,0
DA:586,0
DA:587,0
DA:589,0
DA:591,0
DA:592,0
DA:597,0
DA:598,0
DA:599,0
DA:601,0
DA:602,0
DA:604,0
DA:605,0
DA:610,0
DA:612,0
DA:614,0
DA:615,0
DA:620,0
DA:621,0
DA:622,0
DA:624,0
DA:625,0
DA:627,0
DA:628,0
DA:629,0
DA:632,0
DA:633,0
DA:639,0
DA:641,0
DA:643,0
DA:644,0
DA:649,0
DA:650,0
DA:651,0
DA:653,0
DA:654,0
DA:658,0
DA:659,0
DA:660,0
DA:661,0
DA:664,0
DA:665,0
DA:668,0
DA:669,0
DA:673,0
DA:674,0
DA:675,0
DA:676,0
DA:681,0
DA:683,0
DA:684,0
DA:690,0
DA:691,0
DA:694,0
LF:271
LH:0
BRDA:61,0,0,0
BRDA:68,1,0,0
BRDA:82,2,0,0
BRDA:82,3,0,0
BRDA:82,3,1,0
BRDA:87,4,0,0
BRDA:99,5,0,0
BRDA:116,6,0,0
BRDA:123,7,0,0
BRDA:123,7,1,0
BRDA:123,7,2,0
BRDA:134,8,0,0
BRDA:134,8,1,0
BRDA:134,8,2,0
BRDA:134,8,3,0
BRDA:134,8,4,0
BRDA:134,8,5,0
BRDA:151,9,0,0
BRDA:153,10,0,0
BRDA:153,10,1,0
BRDA:153,10,2,0
BRDA:153,10,3,0
BRDA:171,11,0,0
BRDA:171,11,1,0
BRDA:174,12,0,0
BRDA:174,12,1,0
BRDA:177,13,0,0
BRDA:177,13,1,0
BRDA:178,14,0,0
BRDA:178,14,1,0
BRDA:179,15,0,0
BRDA:179,15,1,0
BRDA:180,16,0,0
BRDA:180,16,1,0
BRDA:181,17,0,0
BRDA:181,17,1,0
BRDA:182,18,0,0
BRDA:182,18,1,0
BRDA:187,19,0,0
BRDA:187,19,1,0
BRDA:187,19,2,0
BRDA:187,19,3,0
BRDA:187,19,4,0
BRDA:202,20,0,0
BRDA:202,20,1,0
BRDA:202,20,2,0
BRDA:202,20,3,0
BRDA:202,20,4,0
BRDA:224,21,0,0
BRDA:224,22,0,0
BRDA:224,22,1,0
BRDA:237,23,0,0
BRDA:237,23,1,0
BRDA:238,24,0,0
BRDA:238,24,1,0
BRDA:256,25,0,0
BRDA:268,26,0,0
BRDA:274,27,0,0
BRDA:274,27,1,0
BRDA:278,28,0,0
BRDA:279,29,0,0
BRDA:308,30,0,0
BRDA:309,31,0,0
BRDA:331,32,0,0
BRDA:337,33,0,0
BRDA:348,34,0,0
BRDA:355,35,0,0
BRDA:355,36,0,0
BRDA:355,36,1,0
BRDA:375,37,0,0
BRDA:384,38,0,0
BRDA:384,38,1,0
BRDA:387,39,0,0
BRDA:387,40,0,0
BRDA:387,40,1,0
BRDA:395,41,0,0
BRDA:402,42,0,0
BRDA:402,43,0,0
BRDA:402,43,1,0
BRDA:451,44,0,0
BRDA:451,44,1,0
BRDA:453,45,0,0
BRDA:453,45,1,0
BRDA:454,46,0,0
BRDA:454,46,1,0
BRDA:455,47,0,0
BRDA:455,47,1,0
BRDA:470,48,0,0
BRDA:470,48,1,0
BRDA:472,49,0,0
BRDA:472,49,1,0
BRDA:473,50,0,0
BRDA:473,50,1,0
BRDA:482,51,0,0
BRDA:482,51,1,0
BRDA:484,52,0,0
BRDA:484,52,1,0
BRDA:485,53,0,0
BRDA:485,53,1,0
BRDA:489,54,0,0
BRDA:489,54,1,0
BRDA:490,55,0,0
BRDA:490,55,1,0
BRDA:498,56,0,0
BRDA:498,56,1,0
BRDA:513,57,0,0
BRDA:513,57,1,0
BRDA:517,58,0,0
BRDA:517,58,1,0
BRDA:522,59,0,0
BRDA:522,59,1,0
BRDA:523,60,0,0
BRDA:523,60,1,0
BRDA:527,61,0,0
BRDA:527,61,1,0
BRDA:527,62,0,0
BRDA:527,62,1,0
BRDA:534,63,0,0
BRDA:534,63,1,0
BRDA:566,64,0,0
BRDA:566,64,1,0
BRDA:567,65,0,0
BRDA:567,65,1,0
BRDA:602,66,0,0
BRDA:606,67,0,0
BRDA:606,67,1,0
BRDA:610,68,0,0
BRDA:610,69,0,0
BRDA:610,69,1,0
BRDA:625,70,0,0
BRDA:628,71,0,0
BRDA:634,72,0,0
BRDA:634,72,1,0
BRDA:639,73,0,0
BRDA:639,74,0,0
BRDA:639,74,1,0
BRDA:653,75,0,0
BRDA:660,76,0,0
BRDA:668,77,0,0
BRDA:673,78,0,0
BRDA:675,79,0,0
BRDA:675,80,0,0
BRDA:675,80,1,0
BRF:143
BRH:0
end_of_record
TN:
SF:src/adapters/strategies/strategy-factory.ts
FN:103,(anonymous_0)
FN:159,(anonymous_1)
FN:171,(anonymous_2)
FN:249,(anonymous_3)
FN:343,(anonymous_4)
FNF:5
FNH:0
FNDA:0,(anonymous_0)
FNDA:0,(anonymous_1)
FNDA:0,(anonymous_2)
FNDA:0,(anonymous_3)
FNDA:0,(anonymous_4)
DA:98,0
DA:107,0
DA:108,0
DA:114,0
DA:115,0
DA:116,0
DA:122,0
DA:124,0
DA:125,0
DA:128,0
DA:129,0
DA:132,0
DA:133,0
DA:136,0
DA:137,0
DA:140,0
DA:143,0
DA:148,0
DA:151,0
DA:152,0
DA:160,0
DA:175,0
DA:177,0
DA:178,0
DA:180,0
DA:181,0
DA:185,0
DA:187,0
DA:188,0
DA:189,0
DA:191,0
DA:192,0
DA:194,0
DA:195,0
DA:197,0
DA:198,0
DA:200,0
DA:201,0
DA:203,0
DA:206,0
DA:207,0
DA:208,0
DA:210,0
DA:211,0
DA:213,0
DA:214,0
DA:216,0
DA:219,0
DA:220,0
DA:221,0
DA:223,0
DA:224,0
DA:226,0
DA:229,0
DA:230,0
DA:231,0
DA:233,0
DA:234,0
DA:236,0
DA:239,0
DA:241,0
DA:242,0
DA:254,0
DA:257,0
DA:259,0
DA:274,0
DA:277,0
DA:293,0
DA:296,0
DA:310,0
DA:313,0
DA:327,0
DA:330,0
DA:333,0
DA:336,0
DA:346,0
DA:347,0
DA:348,0
DA:350,0
DA:351,0
DA:352,0
DA:353,0
DA:355,0
DA:356,0
DA:357,0
DA:361,0
DA:362,0
DA:368,0
DA:369,0
DA:372,0
DA:375,0
LF:91
LH:0
BRDA:115,0,0,0
BRDA:116,1,0,0
BRDA:116,1,1,0
BRDA:122,2,0,0
BRDA:122,2,1,0
BRDA:122,2,2,0
BRDA:122,2,3,0
BRDA:122,2,4,0
BRDA:177,3,0,0
BRDA:177,4,0,0
BRDA:177,4,1,0
BRDA:180,5,0,0
BRDA:180,6,0,0
BRDA:180,6,1,0
BRDA:185,7,0,0
BRDA:185,7,1,0
BRDA:185,7,2,0
BRDA:185,7,3,0
BRDA:188,8,0,0
BRDA:188,9,0,0
BRDA:188,9,1,0
BRDA:191,10,0,0
BRDA:191,11,0,0
BRDA:191,11,1,0
BRDA:194,12,0,0
BRDA:194,13,0,0
BRDA:194,13,1,0
BRDA:194,13,2,0
BRDA:197,14,0,0
BRDA:197,15,0,0
BRDA:197,15,1,0
BRDA:197,15,2,0
BRDA:200,16,0,0
BRDA:207,17,0,0
BRDA:207,18,0,0
BRDA:207,18,1,0
BRDA:210,19,0,0
BRDA:210,20,0,0
BRDA:210,20,1,0
BRDA:213,21,0,0
BRDA:213,22,0,0
BRDA:213,22,1,0
BRDA:220,23,0,0
BRDA:220,24,0,0
BRDA:220,24,1,0
BRDA:223,25,0,0
BRDA:223,26,0,0
BRDA:223,26,1,0
BRDA:230,27,0,0
BRDA:230,28,0,0
BRDA:230,28,1,0
BRDA:233,29,0,0
BRDA:233,30,0,0
BRDA:233,30,1,0
BRDA:233,30,2,0
BRDA:257,31,0,0
BRDA:257,31,1,0
BRDA:257,31,2,0
BRDA:257,31,3,0
BRDA:257,31,4,0
BRDA:361,32,0,0
BRDA:361,33,0,0
BRDA:361,33,1,0
BRDA:368,34,0,0
BRF:64
BRH:0
end_of_record
TN:
SF:src/application/actors/order-manager/order-manager.actor.ts
FN:17,(anonymous_0)
FN:55,(anonymous_1)
FN:62,(anonymous_2)
FN:77,(anonymous_3)
FN:89,(anonymous_4)
FN:101,(anonymous_5)
FN:384,(anonymous_6)
FN:415,(anonymous_7)
FN:432,(anonymous_8)
FN:437,(anonymous_9)
FN:656,(anonymous_10)
FN:663,(anonymous_11)
FNF:12
FNH:0
FNDA:0,(anonymous_0)
FNDA:0,(anonymous_1)
FNDA:0,(anonymous_2)
FNDA:0,(anonymous_3)
FNDA:0,(anonymous_4)
FNDA:0,(anonymous_5)
FNDA:0,(anonymous_6)
FNDA:0,(anonymous_7)
FNDA:0,(anonymous_8)
FNDA:0,(anonymous_9)
FNDA:0,(anonymous_10)
FNDA:0,(anonymous_11)
DA:17,0
DA:21,0
DA:24,0
DA:33,0
DA:39,0
DA:55,0
DA:56,0
DA:62,0
DA:63,0
DA:66,0
DA:68,0
DA:77,0
DA:78,0
DA:80,0
DA:89,0
DA:90,0
DA:92,0
DA:101,0
DA:106,0
DA:108,0
DA:110,0
DA:111,0
DA:113,0
DA:122,0
DA:127,0
DA:129,0
DA:130,0
DA:131,0
DA:138,0
DA:147,0
DA:148,0
DA:150,0
DA:151,0
DA:154,0
DA:161,0
DA:173,0
DA:176,0
DA:183,0
DA:189,0
DA:198,0
DA:201,0
DA:208,0
DA:214,0
DA:225,0
DA:226,0
DA:229,0
DA:230,0
DA:231,0
DA:234,0
DA:235,0
DA:237,0
DA:238,0
DA:241,0
DA:248,0
DA:249,0
DA:256,0
DA:264,0
DA:265,0
DA:268,0
DA:269,0
DA:274,0
DA:275,0
DA:278,0
DA:288,0
DA:291,0
DA:292,0
DA:293,0
DA:296,0
DA:299,0
DA:308,0
DA:310,0
DA:311,0
DA:318,0
DA:328,0
DA:340,0
DA:343,0
DA:344,0
DA:345,0
DA:348,0
DA:350,0
DA:353,0
DA:360,0
DA:366,0
DA:376,0
DA:379,0
DA:380,0
DA:384,0
DA:385,0
DA:386,0
DA:390,0
DA:391,0
DA:393,0
DA:395,0
DA:403,0
DA:406,0
DA:410,0
DA:413,0
DA:414,0
DA:415,0
DA:418,0
DA:420,0
DA:423,0
DA:427,0
DA:428,0
DA:431,0
DA:432,0
DA:436,0
DA:437,0
DA:440,0
DA:442,0
DA:452,0
DA:453,0
DA:455,0
DA:464,0
DA:465,0
DA:467,0
DA:476,0
DA:477,0
DA:479,0
DA:491,0
DA:492,0
DA:499,0
DA:500,0
DA:501,0
DA:504,0
DA:507,0
DA:508,0
DA:511,0
DA:518,0
DA:519,0
DA:527,0
DA:537,0
DA:539,0
DA:540,0
DA:541,0
DA:544,0
DA:545,0
DA:546,0
DA:550,0
DA:557,0
DA:558,0
DA:559,0
DA:561,0
DA:562,0
DA:565,0
DA:566,0
DA:574,0
DA:586,0
DA:589,0
DA:596,0
DA:597,0
DA:604,0
DA:613,0
DA:616,0
DA:623,0
DA:624,0
DA:631,0
DA:642,0
DA:646,0
DA:656,0
DA:660,0
DA:662,0
DA:663,0
LF:163
LH:0
BRDA:108,0,0,0
BRDA:108,0,1,0
BRDA:108,0,2,0
BRDA:108,0,3,0
BRDA:108,0,4,0
BRDA:108,0,5,0
BRDA:108,0,6,0
BRDA:108,0,7,0
BRDA:108,0,8,0
BRDA:108,0,9,0
BRDA:108,0,10,0
BRDA:108,0,11,0
BRDA:108,0,12,0
BRDA:129,1,0,0
BRDA:150,2,0,0
BRDA:150,2,1,0
BRDA:229,3,0,0
BRDA:237,4,0,0
BRDA:237,4,1,0
BRDA:248,5,0,0
BRDA:275,6,0,0
BRDA:275,6,1,0
BRDA:291,7,0,0
BRDA:303,8,0,0
BRDA:303,8,1,0
BRDA:304,9,0,0
BRDA:304,9,1,0
BRDA:308,10,0,0
BRDA:308,11,0,0
BRDA:308,11,1,0
BRDA:308,11,2,0
BRDA:310,12,0,0
BRDA:312,13,0,0
BRDA:312,13,1,0
BRDA:314,14,0,0
BRDA:314,14,1,0
BRDA:343,15,0,0
BRDA:379,16,0,0
BRDA:385,17,0,0
BRDA:393,18,0,0
BRDA:413,19,0,0
BRDA:413,19,1,0
BRDA:427,20,0,0
BRDA:492,21,0,0
BRDA:492,21,1,0
BRDA:499,22,0,0
BRDA:507,23,0,0
BRDA:513,24,0,0
BRDA:513,24,1,0
BRDA:518,25,0,0
BRDA:522,26,0,0
BRDA:522,26,1,0
BRDA:539,27,0,0
BRDA:544,28,0,0
BRDA:561,29,0,0
BRDA:561,29,1,0
BRDA:565,30,0,0
BRDA:596,31,0,0
BRDA:623,32,0,0
BRF:59
BRH:0
end_of_record
TN:
SF:src/application/actors/performance-tracker/performance-tracker.actor.ts
FN:17,(anonymous_0)
FN:75,(anonymous_1)
FN:80,(anonymous_2)
FN:106,(anonymous_3)
FN:107,(anonymous_4)
FN:108,(anonymous_5)
FN:111,(anonymous_6)
FN:135,(anonymous_7)
FN:140,(anonymous_8)
FN:143,(anonymous_9)
FN:145,(anonymous_10)
FN:163,(anonymous_11)
FN:216,(anonymous_12)
FN:326,(anonymous_13)
FN:333,(anonymous_14)
FNF:15
FNH:0
FNDA:0,(anonymous_0)
FNDA:0,(anonymous_1)
FNDA:0,(anonymous_2)
FNDA:0,(anonymous_3)
FNDA:0,(anonymous_4)
FNDA:0,(anonymous_5)
FNDA:0,(anonymous_6)
FNDA:0,(anonymous_7)
FNDA:0,(anonymous_8)
FNDA:0,(anonymous_9)
FNDA:0,(anonymous_10)
FNDA:0,(anonymous_11)
FNDA:0,(anonymous_12)
FNDA:0,(anonymous_13)
FNDA:0,(anonymous_14)
DA:17,0
DA:20,0
DA:23,0
DA:32,0
DA:38,0
DA:63,0
DA:75,0
DA:80,0
DA:82,0
DA:83,0
DA:106,0
DA:107,0
DA:108,0
DA:110,0
DA:111,0
DA:113,0
DA:135,0
DA:140,0
DA:143,0
DA:144,0
DA:145,0
DA:147,0
DA:163,0
DA:168,0
DA:170,0
DA:172,0
DA:174,0
DA:181,0
DA:187,0
DA:192,0
DA:202,0
DA:204,0
DA:213,0
DA:216,0
DA:217,0
DA:219,0
DA:220,0
DA:222,0
DA:226,0
DA:232,0
DA:237,0
DA:249,0
DA:252,0
DA:253,0
DA:258,0
DA:263,0
DA:272,0
DA:273,0
DA:277,0
DA:278,0
DA:279,0
DA:283,0
DA:284,0
DA:285,0
DA:289,0
DA:290,0
DA:291,0
DA:295,0
DA:296,0
DA:297,0
DA:301,0
DA:302,0
DA:303,0
DA:315,0
DA:319,0
DA:326,0
DA:329,0
DA:332,0
DA:333,0
LF:69
LH:0
BRDA:80,0,0,0
BRDA:80,0,1,0
BRDA:82,1,0,0
BRDA:106,2,0,0
BRDA:106,2,1,0
BRDA:107,3,0,0
BRDA:107,3,1,0
BRDA:108,4,0,0
BRDA:108,4,1,0
BRDA:110,5,0,0
BRDA:110,5,1,0
BRDA:111,6,0,0
BRDA:111,6,1,0
BRDA:140,7,0,0
BRDA:140,7,1,0
BRDA:143,8,0,0
BRDA:143,8,1,0
BRDA:144,9,0,0
BRDA:144,9,1,0
BRDA:145,10,0,0
BRDA:145,10,1,0
BRDA:170,11,0,0
BRDA:170,11,1,0
BRDA:170,11,2,0
BRDA:170,11,3,0
BRDA:170,11,4,0
BRDA:170,11,5,0
BRDA:170,11,6,0
BRDA:170,11,7,0
BRDA:170,11,8,0
BRDA:170,11,9,0
BRDA:219,12,0,0
BRDA:219,12,1,0
BRDA:252,13,0,0
BRDA:252,13,1,0
BRDA:295,14,0,0
BRF:36
BRH:0
end_of_record
TN:
SF:src/application/actors/risk-manager/risk-manager.actor.ts
FN:17,(anonymous_0)
FN:67,(anonymous_1)
FN:109,(anonymous_2)
FN:169,(anonymous_3)
FN:266,(anonymous_4)
FN:300,(anonymous_5)
FN:316,(anonymous_6)
FN:462,(anonymous_7)
FN:856,(anonymous_8)
FN:864,(anonymous_9)
FNF:10
FNH:0
FNDA:0,(anonymous_0)
FNDA:0,(anonymous_1)
FNDA:0,(anonymous_2)
FNDA:0,(anonymous_3)
FNDA:0,(anonymous_4)
FNDA:0,(anonymous_5)
FNDA:0,(anonymous_6)
FNDA:0,(anonymous_7)
FNDA:0,(anonymous_8)
FNDA:0,(anonymous_9)
DA:17,0
DA:21,0
DA:24,0
DA:40,0
DA:46,0
DA:67,0
DA:74,0
DA:75,0
DA:79,0
DA:84,0
DA:85,0
DA:86,0
DA:87,0
DA:88,0
DA:89,0
DA:93,0
DA:94,0
DA:96,0
DA:109,0
DA:110,0
DA:113,0
DA:114,0
DA:116,0
DA:117,0
DA:118,0
DA:119,0
DA:123,0
DA:124,0
DA:125,0
DA:130,0
DA:131,0
DA:134,0
DA:139,0
DA:141,0
DA:143,0
DA:144,0
DA:146,0
DA:147,0
DA:149,0
DA:153,0
DA:155,0
DA:169,0
DA:174,0
DA:177,0
DA:178,0
DA:179,0
DA:180,0
DA:182,0
DA:183,0
DA:187,0
DA:188,0
DA:197,0
DA:200,0
DA:201,0
DA:203,0
DA:212,0
DA:213,0
DA:214,0
DA:224,0
DA:226,0
DA:227,0
DA:235,0
DA:236,0
DA:247,0
DA:249,0
DA:251,0
DA:254,0
DA:264,0
DA:265,0
DA:266,0
DA:267,0
DA:268,0
DA:271,0
DA:272,0
DA:283,0
DA:284,0
DA:294,0
DA:300,0
DA:301,0
DA:302,0
DA:304,0
DA:306,0
DA:307,0
DA:308,0
DA:312,0
DA:316,0
DA:322,0
DA:333,0
DA:334,0
DA:337,0
DA:338,0
DA:339,0
DA:340,0
DA:352,0
DA:353,0
DA:363,0
DA:364,0
DA:365,0
DA:366,0
DA:378,0
DA:379,0
DA:392,0
DA:393,0
DA:394,0
DA:395,0
DA:408,0
DA:409,0
DA:412,0
DA:413,0
DA:425,0
DA:427,0
DA:440,0
DA:442,0
DA:444,0
DA:445,0
DA:458,0
DA:462,0
DA:467,0
DA:469,0
DA:471,0
DA:474,0
DA:477,0
DA:479,0
DA:486,0
DA:487,0
DA:490,0
DA:499,0
DA:507,0
DA:516,0
DA:518,0
DA:521,0
DA:530,0
DA:532,0
DA:534,0
DA:546,0
DA:548,0
DA:556,0
DA:559,0
DA:561,0
DA:562,0
DA:563,0
DA:565,0
DA:567,0
DA:569,0
DA:570,0
DA:573,0
DA:574,0
DA:578,0
DA:581,0
DA:585,0
DA:594,0
DA:595,0
DA:597,0
DA:610,0
DA:620,0
DA:626,0
DA:631,0
DA:641,0
DA:644,0
DA:647,0
DA:648,0
DA:656,0
DA:662,0
DA:667,0
DA:677,0
DA:678,0
DA:680,0
DA:683,0
DA:688,0
DA:690,0
DA:696,0
DA:706,0
DA:710,0
DA:719,0
DA:721,0
DA:722,0
DA:725,0
DA:726,0
DA:727,0
DA:730,0
DA:737,0
DA:740,0
DA:747,0
DA:748,0
DA:756,0
DA:767,0
DA:776,0
DA:778,0
DA:780,0
DA:781,0
DA:782,0
DA:783,0
DA:787,0
DA:793,0
DA:794,0
DA:797,0
DA:804,0
DA:814,0
DA:815,0
DA:824,0
DA:833,0
DA:836,0
DA:845,0
DA:849,0
DA:856,0
DA:860,0
DA:863,0
DA:864,0
LF:208
LH:0
BRDA:74,0,0,0
BRDA:74,0,1,0
BRDA:74,1,0,0
BRDA:74,1,1,0
BRDA:75,2,0,0
BRDA:75,2,1,0
BRDA:79,3,0,0
BRDA:79,3,1,0
BRDA:85,4,0,0
BRDA:87,5,0,0
BRDA:87,5,1,0
BRDA:88,6,0,0
BRDA:88,6,1,0
BRDA:89,7,0,0
BRDA:94,8,0,0
BRDA:94,8,1,0
BRDA:125,9,0,0
BRDA:125,9,1,0
BRDA:134,10,0,0
BRDA:134,10,1,0
BRDA:141,11,0,0
BRDA:141,11,1,0
BRDA:141,12,0,0
BRDA:141,12,1,0
BRDA:144,13,0,0
BRDA:144,13,1,0
BRDA:144,14,0,0
BRDA:144,14,1,0
BRDA:147,15,0,0
BRDA:147,16,0,0
BRDA:147,16,1,0
BRDA:178,17,0,0
BRDA:178,17,1,0
BRDA:178,18,0,0
BRDA:178,18,1,0
BRDA:180,19,0,0
BRDA:187,20,0,0
BRDA:187,21,0,0
BRDA:187,21,1,0
BRDA:201,22,0,0
BRDA:201,23,0,0
BRDA:201,23,1,0
BRDA:212,24,0,0
BRDA:213,25,0,0
BRDA:213,25,1,0
BRDA:224,26,0,0
BRDA:226,27,0,0
BRDA:235,28,0,0
BRDA:235,28,1,0
BRDA:249,29,0,0
BRDA:252,30,0,0
BRDA:252,30,1,0
BRDA:265,31,0,0
BRDA:268,32,0,0
BRDA:268,32,1,0
BRDA:271,33,0,0
BRDA:283,34,0,0
BRDA:304,35,0,0
BRDA:307,36,0,0
BRDA:307,37,0,0
BRDA:307,37,1,0
BRDA:319,38,0,0
BRDA:337,39,0,0
BRDA:337,39,1,0
BRDA:337,40,0,0
BRDA:337,40,1,0
BRDA:339,41,0,0
BRDA:352,42,0,0
BRDA:363,43,0,0
BRDA:363,44,0,0
BRDA:363,44,1,0
BRDA:365,45,0,0
BRDA:378,46,0,0
BRDA:392,47,0,0
BRDA:394,48,0,0
BRDA:408,49,0,0
BRDA:412,50,0,0
BRDA:412,51,0,0
BRDA:412,51,1,0
BRDA:425,52,0,0
BRDA:425,53,0,0
BRDA:425,53,1,0
BRDA:425,53,2,0
BRDA:440,54,0,0
BRDA:442,55,0,0
BRDA:442,55,1,0
BRDA:444,56,0,0
BRDA:444,57,0,0
BRDA:444,57,1,0
BRDA:469,58,0,0
BRDA:469,58,1,0
BRDA:469,58,2,0
BRDA:469,58,3,0
BRDA:469,58,4,0
BRDA:469,58,5,0
BRDA:469,58,6,0
BRDA:469,58,7,0
BRDA:469,58,8,0
BRDA:469,58,9,0
BRDA:469,58,10,0
BRDA:479,59,0,0
BRDA:479,59,1,0
BRDA:486,60,0,0
BRDA:559,61,0,0
BRDA:559,61,1,0
BRDA:565,62,0,0
BRDA:565,62,1,0
BRDA:570,63,0,0
BRDA:570,63,1,0
BRDA:574,64,0,0
BRDA:574,64,1,0
BRDA:578,65,0,0
BRDA:578,66,0,0
BRDA:578,66,1,0
BRDA:578,66,2,0
BRDA:578,66,3,0
BRDA:578,66,4,0
BRDA:578,66,5,0
BRDA:588,67,0,0
BRDA:588,67,1,0
BRDA:594,68,0,0
BRDA:612,69,0,0
BRDA:612,69,1,0
BRDA:644,70,0,0
BRDA:651,71,0,0
BRDA:651,71,1,0
BRDA:680,72,0,0
BRDA:680,72,1,0
BRDA:726,73,0,0
BRDA:726,73,1,0
BRDA:747,74,0,0
BRDA:747,75,0,0
BRDA:747,75,1,0
BRDA:781,76,0,0
BRDA:793,77,0,0
BRDA:793,77,1,0
BRDA:814,78,0,0
BRDA:814,78,1,0
BRF:138
BRH:0
end_of_record
TN:
SF:src/application/actors/strategy-manager/strategy-manager.actor.ts
FN:14,(anonymous_0)
FN:38,(anonymous_1)
FN:63,(anonymous_2)
FN:81,(anonymous_3)
FN:82,(anonymous_4)
FN:87,(anonymous_5)
FN:93,(anonymous_6)
FN:103,(anonymous_7)
FN:112,(anonymous_8)
FN:121,(anonymous_9)
FN:154,(anonymous_10)
FN:159,(anonymous_11)
FN:166,(anonymous_12)
FN:174,(anonymous_13)
FN:175,(anonymous_14)
FN:179,(anonymous_15)
FN:185,(anonymous_16)
FN:186,(anonymous_17)
FN:189,(anonymous_18)
FN:192,(anonymous_19)
FN:193,(anonymous_20)
FN:196,(anonymous_21)
FN:204,(anonymous_22)
FN:206,(anonymous_23)
FN:209,(anonymous_24)
FN:210,(anonymous_25)
FN:213,(anonymous_26)
FN:224,(anonymous_27)
FN:323,(anonymous_28)
FN:330,(anonymous_29)
FN:351,(anonymous_30)
FN:362,(anonymous_31)
FN:577,(anonymous_32)
FN:582,(anonymous_33)
FN:596,(anonymous_34)
FN:636,(anonymous_35)
FN:766,(anonymous_36)
FN:773,(anonymous_37)
FNF:38
FNH:0
FNDA:0,(anonymous_0)
FNDA:0,(anonymous_1)
FNDA:0,(anonymous_2)
FNDA:0,(anonymous_3)
FNDA:0,(anonymous_4)
FNDA:0,(anonymous_5)
FNDA:0,(anonymous_6)
FNDA:0,(anonymous_7)
FNDA:0,(anonymous_8)
FNDA:0,(anonymous_9)
FNDA:0,(anonymous_10)
FNDA:0,(anonymous_11)
FNDA:0,(anonymous_12)
FNDA:0,(anonymous_13)
FNDA:0,(anonymous_14)
FNDA:0,(anonymous_15)
FNDA:0,(anonymous_16)
FNDA:0,(anonymous_17)
FNDA:0,(anonymous_18)
FNDA:0,(anonymous_19)
FNDA:0,(anonymous_20)
FNDA:0,(anonymous_21)
FNDA:0,(anonymous_22)
FNDA:0,(anonymous_23)
FNDA:0,(anonymous_24)
FNDA:0,(anonymous_25)
FNDA:0,(anonymous_26)
FNDA:0,(anonymous_27)
FNDA:0,(anonymous_28)
FNDA:0,(anonymous_29)
FNDA:0,(anonymous_30)
FNDA:0,(anonymous_31)
FNDA:0,(anonymous_32)
FNDA:0,(anonymous_33)
FNDA:0,(anonymous_34)
FNDA:0,(anonymous_35)
FNDA:0,(anonymous_36)
FNDA:0,(anonymous_37)
DA:14,0
DA:17,0
DA:20,0
DA:32,0
DA:38,0
DA:53,0
DA:63,0
DA:65,0
DA:68,0
DA:71,0
DA:74,0
DA:75,0
DA:78,0
DA:81,0
DA:82,0
DA:84,0
DA:87,0
DA:90,0
DA:91,0
DA:93,0
DA:94,0
DA:98,0
DA:103,0
DA:104,0
DA:108,0
DA:112,0
DA:118,0
DA:121,0
DA:122,0
DA:124,0
DA:125,0
DA:127,0
DA:128,0
DA:130,0
DA:131,0
DA:134,0
DA:142,0
DA:144,0
DA:146,0
DA:147,0
DA:148,0
DA:150,0
DA:154,0
DA:155,0
DA:159,0
DA:160,0
DA:165,0
DA:166,0
DA:167,0
DA:171,0
DA:174,0
DA:175,0
DA:178,0
DA:179,0
DA:180,0
DA:185,0
DA:186,0
DA:188,0
DA:189,0
DA:192,0
DA:193,0
DA:195,0
DA:196,0
DA:198,0
DA:203,0
DA:204,0
DA:205,0
DA:206,0
DA:209,0
DA:210,0
DA:212,0
DA:213,0
DA:215,0
DA:220,0
DA:224,0
DA:229,0
DA:231,0
DA:233,0
DA:235,0
DA:236,0
DA:239,0
DA:243,0
DA:244,0
DA:247,0
DA:250,0
DA:261,0
DA:267,0
DA:271,0
DA:281,0
DA:283,0
DA:286,0
DA:287,0
DA:288,0
DA:292,0
DA:295,0
DA:298,0
DA:302,0
DA:312,0
DA:314,0
DA:317,0
DA:323,0
DA:324,0
DA:328,0
DA:331,0
DA:332,0
DA:333,0
DA:334,0
DA:335,0
DA:340,0
DA:341,0
DA:349,0
DA:351,0
DA:352,0
DA:353,0
DA:361,0
DA:362,0
DA:363,0
DA:367,0
DA:374,0
DA:375,0
DA:376,0
DA:377,0
DA:378,0
DA:379,0
DA:391,0
DA:401,0
DA:403,0
DA:406,0
DA:407,0
DA:408,0
DA:412,0
DA:419,0
DA:425,0
DA:426,0
DA:430,0
DA:436,0
DA:440,0
DA:449,0
DA:451,0
DA:454,0
DA:455,0
DA:456,0
DA:460,0
DA:469,0
DA:473,0
DA:482,0
DA:484,0
DA:487,0
DA:488,0
DA:489,0
DA:493,0
DA:494,0
DA:498,0
DA:508,0
DA:512,0
DA:522,0
DA:524,0
DA:527,0
DA:528,0
DA:529,0
DA:533,0
DA:534,0
DA:538,0
DA:539,0
DA:540,0
DA:544,0
DA:545,0
DA:548,0
DA:558,0
DA:562,0
DA:572,0
DA:574,0
DA:577,0
DA:578,0
DA:582,0
DA:583,0
DA:584,0
DA:585,0
DA:587,0
DA:588,0
DA:592,0
DA:595,0
DA:596,0
DA:597,0
DA:601,0
DA:608,0
DA:612,0
DA:614,0
DA:617,0
DA:618,0
DA:619,0
DA:623,0
DA:632,0
DA:633,0
DA:636,0
DA:637,0
DA:639,0
DA:640,0
DA:642,0
DA:648,0
DA:655,0
DA:656,0
DA:657,0
DA:658,0
DA:659,0
DA:661,0
DA:662,0
DA:670,0
DA:671,0
DA:676,0
DA:685,0
DA:687,0
DA:694,0
DA:698,0
DA:701,0
DA:705,0
DA:707,0
DA:708,0
DA:710,0
DA:715,0
DA:724,0
DA:730,0
DA:739,0
DA:741,0
DA:743,0
DA:755,0
DA:759,0
DA:766,0
DA:769,0
DA:772,0
DA:773,0
LF:231
LH:0
BRDA:68,0,0,0
BRDA:68,0,1,0
BRDA:74,1,0,0
BRDA:84,2,0,0
BRDA:90,3,0,0
BRDA:96,4,0,0
BRDA:96,4,1,0
BRDA:106,5,0,0
BRDA:106,5,1,0
BRDA:122,6,0,0
BRDA:125,7,0,0
BRDA:125,8,0,0
BRDA:125,8,1,0
BRDA:127,9,0,0
BRDA:127,9,1,0
BRDA:128,10,0,0
BRDA:130,11,0,0
BRDA:146,12,0,0
BRDA:147,13,0,0
BRDA:155,14,0,0
BRDA:155,14,1,0
BRDA:155,14,2,0
BRDA:155,14,3,0
BRDA:160,15,0,0
BRDA:160,15,1,0
BRDA:160,15,2,0
BRDA:160,15,3,0
BRDA:165,16,0,0
BRDA:165,17,0,0
BRDA:165,17,1,0
BRDA:171,18,0,0
BRDA:171,18,1,0
BRDA:171,18,2,0
BRDA:178,19,0,0
BRDA:178,19,1,0
BRDA:188,20,0,0
BRDA:188,20,1,0
BRDA:195,21,0,0
BRDA:195,21,1,0
BRDA:203,22,0,0
BRDA:203,22,1,0
BRDA:205,23,0,0
BRDA:205,23,1,0
BRDA:212,24,0,0
BRDA:212,24,1,0
BRDA:231,25,0,0
BRDA:231,25,1,0
BRDA:231,25,2,0
BRDA:231,25,3,0
BRDA:231,25,4,0
BRDA:231,25,5,0
BRDA:231,25,6,0
BRDA:231,25,7,0
BRDA:231,25,8,0
BRDA:231,25,9,0
BRDA:231,25,10,0
BRDA:231,25,11,0
BRDA:231,25,12,0
BRDA:231,25,13,0
BRDA:231,25,14,0
BRDA:233,26,0,0
BRDA:239,27,0,0
BRDA:240,28,0,0
BRDA:240,28,1,0
BRDA:267,29,0,0
BRDA:267,29,1,0
BRDA:286,30,0,0
BRDA:295,31,0,0
BRDA:295,31,1,0
BRDA:298,32,0,0
BRDA:298,32,1,0
BRDA:324,33,0,0
BRDA:324,33,1,0
BRDA:352,34,0,0
BRDA:352,35,0,0
BRDA:352,35,1,0
BRDA:374,36,0,0
BRDA:374,37,0,0
BRDA:374,37,1,0
BRDA:376,38,0,0
BRDA:376,39,0,0
BRDA:376,39,1,0
BRDA:378,40,0,0
BRDA:406,41,0,0
BRDA:425,42,0,0
BRDA:425,43,0,0
BRDA:425,43,1,0
BRDA:436,44,0,0
BRDA:436,44,1,0
BRDA:454,45,0,0
BRDA:454,46,0,0
BRDA:454,46,1,0
BRDA:469,47,0,0
BRDA:469,47,1,0
BRDA:487,48,0,0
BRDA:493,49,0,0
BRDA:508,50,0,0
BRDA:508,50,1,0
BRDA:527,51,0,0
BRDA:533,52,0,0
BRDA:538,53,0,0
BRDA:558,54,0,0
BRDA:558,54,1,0
BRDA:578,55,0,0
BRDA:578,55,1,0
BRDA:617,56,0,0
BRDA:637,57,0,0
BRDA:637,58,0,0
BRDA:637,58,1,0
BRDA:637,58,2,0
BRDA:639,59,0,0
BRDA:639,59,1,0
BRDA:640,60,0,0
BRDA:655,61,0,0
BRDA:655,62,0,0
BRDA:655,62,1,0
BRDA:657,63,0,0
BRDA:657,64,0,0
BRDA:657,64,1,0
BRDA:661,65,0,0
BRDA:661,65,1,0
BRDA:661,66,0,0
BRDA:661,66,1,0
BRDA:670,67,0,0
BRDA:670,68,0,0
BRDA:670,68,1,0
BRDA:707,69,0,0
BRDA:707,69,1,0
BRDA:707,70,0,0
BRDA:707,70,1,0
BRF:130
BRH:0
end_of_record
TN:
SF:src/application/actors/take-profit-manager/take-profit-manager.actor.ts
FN:16,(anonymous_0)
FN:50,(anonymous_1)
FN:51,(anonymous_2)
FN:55,(anonymous_3)
FN:67,(anonymous_4)
FN:170,(anonymous_5)
FN:194,(anonymous_6)
FN:210,(anonymous_7)
FN:262,(anonymous_8)
FN:264,(anonymous_9)
FN:271,(anonymous_10)
FN:278,(anonymous_11)
FN:285,(anonymous_12)
FN:292,(anonymous_13)
FN:297,(anonymous_14)
FN:302,(anonymous_15)
FN:307,(anonymous_16)
FN:319,(anonymous_17)
FNF:18
FNH:0
FNDA:0,(anonymous_0)
FNDA:0,(anonymous_1)
FNDA:0,(anonymous_2)
FNDA:0,(anonymous_3)
FNDA:0,(anonymous_4)
FNDA:0,(anonymous_5)
FNDA:0,(anonymous_6)
FNDA:0,(anonymous_7)
FNDA:0,(anonymous_8)
FNDA:0,(anonymous_9)
FNDA:0,(anonymous_10)
FNDA:0,(anonymous_11)
FNDA:0,(anonymous_12)
FNDA:0,(anonymous_13)
FNDA:0,(anonymous_14)
FNDA:0,(anonymous_15)
FNDA:0,(anonymous_16)
FNDA:0,(anonymous_17)
DA:16,0
DA:20,0
DA:23,0
DA:37,0
DA:44,0
DA:50,0
DA:51,0
DA:55,0
DA:59,0
DA:60,0
DA:62,0
DA:67,0
DA:72,0
DA:75,0
DA:76,0
DA:84,0
DA:87,0
DA:88,0
DA:92,0
DA:101,0
DA:102,0
DA:103,0
DA:104,0
DA:105,0
DA:110,0
DA:113,0
DA:114,0
DA:116,0
DA:117,0
DA:120,0
DA:124,0
DA:125,0
DA:126,0
DA:131,0
DA:132,0
DA:141,0
DA:144,0
DA:145,0
DA:146,0
DA:155,0
DA:157,0
DA:170,0
DA:184,0
DA:185,0
DA:188,0
DA:189,0
DA:190,0
DA:194,0
DA:201,0
DA:210,0
DA:214,0
DA:215,0
DA:218,0
DA:219,0
DA:221,0
DA:222,0
DA:230,0
DA:240,0
DA:242,0
DA:244,0
DA:245,0
DA:246,0
DA:248,0
DA:257,0
DA:262,0
DA:263,0
DA:265,0
DA:272,0
DA:279,0
DA:286,0
DA:293,0
DA:294,0
DA:298,0
DA:299,0
DA:303,0
DA:304,0
DA:308,0
DA:309,0
DA:315,0
DA:320,0
DA:321,0
DA:323,0
DA:336,0
DA:349,0
DA:360,0
DA:363,0
DA:364,0
DA:368,0
DA:372,0
DA:373,0
DA:378,0
DA:389,0
DA:393,0
DA:395,0
DA:404,0
DA:407,0
DA:410,0
DA:413,0
DA:414,0
DA:417,0
DA:421,0
DA:424,0
LF:102
LH:0
BRDA:39,0,0,0
BRDA:39,0,1,0
BRDA:40,1,0,0
BRDA:40,1,1,0
BRDA:59,2,0,0
BRDA:59,2,1,0
BRDA:75,3,0,0
BRDA:75,4,0,0
BRDA:75,4,1,0
BRDA:88,5,0,0
BRDA:89,6,0,0
BRDA:89,6,1,0
BRDA:101,7,0,0
BRDA:102,8,0,0
BRDA:102,8,1,0
BRDA:102,9,0,0
BRDA:102,9,1,0
BRDA:102,10,0,0
BRDA:102,10,1,0
BRDA:104,11,0,0
BRDA:104,12,0,0
BRDA:104,12,1,0
BRDA:104,13,0,0
BRDA:104,13,1,0
BRDA:120,14,0,0
BRDA:121,15,0,0
BRDA:121,15,1,0
BRDA:131,16,0,0
BRDA:131,17,0,0
BRDA:131,17,1,0
BRDA:145,18,0,0
BRDA:155,19,0,0
BRDA:155,19,1,0
BRDA:185,20,0,0
BRDA:189,21,0,0
BRDA:214,22,0,0
BRDA:214,23,0,0
BRDA:214,23,1,0
BRDA:214,23,2,0
BRDA:214,23,3,0
BRDA:219,24,0,0
BRDA:224,25,0,0
BRDA:224,25,1,0
BRDA:224,26,0,0
BRDA:224,26,1,0
BRDA:242,27,0,0
BRDA:251,28,0,0
BRDA:251,28,1,0
BRDA:251,29,0,0
BRDA:251,29,1,0
BRDA:299,30,0,0
BRDA:299,30,1,0
BRDA:321,31,0,0
BRDA:321,31,1,0
BRDA:321,31,2,0
BRDA:321,31,3,0
BRDA:321,31,4,0
BRDA:321,31,5,0
BRDA:321,31,6,0
BRDA:329,32,0,0
BRDA:329,32,1,0
BRDA:338,33,0,0
BRDA:338,33,1,0
BRDA:343,34,0,0
BRDA:343,34,1,0
BRDA:363,35,0,0
BRDA:372,36,0,0
BRDA:404,37,0,0
BRDA:407,38,0,0
BRDA:413,39,0,0
BRF:70
BRH:0
end_of_record
TN:
SF:src/application/integrators/take-profit-integrator.ts
FN:21,(anonymous_0)
FN:49,(anonymous_1)
FN:52,(anonymous_2)
FN:55,(anonymous_3)
FN:58,(anonymous_4)
FN:61,(anonymous_5)
FN:67,(anonymous_6)
FN:71,(anonymous_7)
FN:75,(anonymous_8)
FN:98,(anonymous_9)
FN:116,(anonymous_10)
FN:133,(anonymous_11)
FN:148,(anonymous_12)
FN:168,(anonymous_13)
FN:183,(anonymous_14)
FN:188,(anonymous_15)
FNF:16
FNH:0
FNDA:0,(anonymous_0)
FNDA:0,(anonymous_1)
FNDA:0,(anonymous_2)
FNDA:0,(anonymous_3)
FNDA:0,(anonymous_4)
FNDA:0,(anonymous_5)
FNDA:0,(anonymous_6)
FNDA:0,(anonymous_7)
FNDA:0,(anonymous_8)
FNDA:0,(anonymous_9)
FNDA:0,(anonymous_10)
FNDA:0,(anonymous_11)
FNDA:0,(anonymous_12)
FNDA:0,(anonymous_13)
FNDA:0,(anonymous_14)
FNDA:0,(anonymous_15)
DA:21,0
DA:28,0
DA:31,0
DA:37,0
DA:43,0
DA:48,0
DA:50,0
DA:53,0
DA:56,0
DA:59,0
DA:64,0
DA:65,0
DA:69,0
DA:73,0
DA:77,0
DA:91,0
DA:94,0
DA:95,0
DA:98,0
DA:99,0
DA:100,0
DA:103,0
DA:105,0
DA:108,0
DA:112,0
DA:115,0
DA:116,0
DA:117,0
DA:119,0
DA:122,0
DA:123,0
DA:128,0
DA:133,0
DA:134,0
DA:135,0
DA:137,0
DA:140,0
DA:142,0
DA:148,0
DA:150,0
DA:153,0
DA:154,0
DA:157,0
DA:158,0
DA:164,0
DA:168,0
DA:169,0
DA:170,0
DA:171,0
DA:174,0
DA:175,0
DA:176,0
DA:179,0
DA:183,0
DA:184,0
DA:188,0
DA:189,0
DA:192,0
LF:58
LH:0
BRDA:91,0,0,0
BRDA:91,0,1,0
BRDA:117,1,0,0
BRDA:122,2,0,0
BRDA:153,3,0,0
BRDA:157,4,0,0
BRDA:169,5,0,0
BRDA:174,6,0,0
BRF:8
BRH:0
end_of_record
TN:
SF:src/application/services/backtest-integration.service.ts
FN:17,(anonymous_0)
FN:26,(anonymous_1)
FN:64,(anonymous_2)
FN:134,(anonymous_3)
FNF:4
FNH:0
FNDA:0,(anonymous_0)
FNDA:0,(anonymous_1)
FNDA:0,(anonymous_2)
FNDA:0,(anonymous_3)
DA:13,0
DA:18,0
DA:19,0
DA:41,0
DA:43,0
DA:45,0
DA:48,0
DA:56,0
DA:64,0
DA:66,0
DA:67,0
DA:69,0
DA:71,0
DA:73,0
DA:79,0
DA:81,0
DA:90,0
DA:92,0
DA:93,0
DA:96,0
DA:97,0
DA:100,0
DA:101,0
DA:104,0
DA:105,0
DA:108,0
DA:109,0
DA:111,0
DA:119,0
DA:121,0
DA:144,0
DA:146,0
DA:151,0
DA:156,0
DA:158,0
DA:159,0
DA:160,0
DA:164,0
DA:165,0
DA:167,0
DA:168,0
DA:169,0
DA:172,0
DA:174,0
DA:178,0
DA:180,0
DA:196,0
DA:202,0
DA:205,0
DA:212,0
LF:50
LH:0
BRDA:29,0,0,0
BRDA:49,1,0,0
BRDA:49,1,1,0
BRDA:50,2,0,0
BRDA:50,2,1,0
BRDA:51,3,0,0
BRDA:51,3,1,0
BRDA:52,4,0,0
BRDA:52,4,1,0
BRDA:66,5,0,0
BRDA:66,5,1,0
BRDA:92,6,0,0
BRDA:96,7,0,0
BRDA:100,8,0,0
BRDA:104,9,0,0
BRDA:156,10,0,0
BRDA:156,10,1,0
BRDA:158,11,0,0
BRDA:172,12,0,0
BRDA:172,12,1,0
BRDA:178,13,0,0
BRDA:178,13,1,0
BRDA:178,14,0,0
BRDA:178,14,1,0
BRDA:186,15,0,0
BRDA:186,15,1,0
BRDA:189,16,0,0
BRDA:189,16,1,0
BRF:28
BRH:0
end_of_record
TN:
SF:src/application/services/trading-bot.service.ts
FN:86,(anonymous_0)
FN:242,(anonymous_1)
FN:277,(anonymous_2)
FN:328,(anonymous_3)
FN:445,(anonymous_4)
FN:449,(anonymous_5)
FN:463,(anonymous_6)
FN:464,(anonymous_7)
FN:465,(anonymous_8)
FN:466,(anonymous_9)
FN:467,(anonymous_10)
FN:474,(anonymous_11)
FN:509,(anonymous_12)
FN:518,(anonymous_13)
FN:521,(anonymous_14)
FN:527,(anonymous_15)
FN:527,(anonymous_16)
FN:554,(anonymous_17)
FN:633,(anonymous_18)
FN:725,(anonymous_19)
FN:1197,(anonymous_20)
FN:1214,(anonymous_21)
FN:1223,(anonymous_22)
FN:1231,(anonymous_23)
FN:1239,(anonymous_24)
FNF:25
FNH:0
FNDA:0,(anonymous_0)
FNDA:0,(anonymous_1)
FNDA:0,(anonymous_2)
FNDA:0,(anonymous_3)
FNDA:0,(anonymous_4)
FNDA:0,(anonymous_5)
FNDA:0,(anonymous_6)
FNDA:0,(anonymous_7)
FNDA:0,(anonymous_8)
FNDA:0,(anonymous_9)
FNDA:0,(anonymous_10)
FNDA:0,(anonymous_11)
FNDA:0,(anonymous_12)
FNDA:0,(anonymous_13)
FNDA:0,(anonymous_14)
FNDA:0,(anonymous_15)
FNDA:0,(anonymous_16)
FNDA:0,(anonymous_17)
FNDA:0,(anonymous_18)
FNDA:0,(anonymous_19)
FNDA:0,(anonymous_20)
FNDA:0,(anonymous_21)
FNDA:0,(anonymous_22)
FNDA:0,(anonymous_23)
FNDA:0,(anonymous_24)
DA:86,0
DA:97,0
DA:99,0
DA:100,0
DA:102,0
DA:103,0
DA:105,0
DA:106,0
DA:113,0
DA:116,0
DA:117,0
DA:118,0
DA:121,0
DA:130,0
DA:131,0
DA:133,0
DA:134,0
DA:135,0
DA:138,0
DA:147,0
DA:148,0
DA:149,0
DA:151,0
DA:154,0
DA:163,0
DA:168,0
DA:169,0
DA:172,0
DA:174,0
DA:175,0
DA:176,0
DA:177,0
DA:187,0
DA:189,0
DA:190,0
DA:192,0
DA:193,0
DA:202,0
DA:204,0
DA:205,0
DA:208,0
DA:216,0
DA:217,0
DA:219,0
DA:222,0
DA:231,0
DA:233,0
DA:234,0
DA:242,0
DA:256,0
DA:257,0
DA:258,0
DA:260,0
DA:277,0
DA:286,0
DA:287,0
DA:289,0
DA:294,0
DA:300,0
DA:308,0
DA:311,0
DA:312,0
DA:315,0
DA:320,0
DA:322,0
DA:323,0
DA:328,0
DA:333,0
DA:335,0
DA:337,0
DA:340,0
DA:342,0
DA:343,0
DA:347,0
DA:348,0
DA:349,0
DA:353,0
DA:354,0
DA:356,0
DA:357,0
DA:360,0
DA:361,0
DA:365,0
DA:366,0
DA:367,0
DA:368,0
DA:369,0
DA:374,0
DA:375,0
DA:376,0
DA:379,0
DA:385,0
DA:387,0
DA:389,0
DA:390,0
DA:393,0
DA:397,0
DA:398,0
DA:399,0
DA:407,0
DA:411,0
DA:412,0
DA:413,0
DA:416,0
DA:417,0
DA:421,0
DA:425,0
DA:426,0
DA:430,0
DA:434,0
DA:438,0
DA:442,0
DA:444,0
DA:447,0
DA:451,0
DA:463,0
DA:465,0
DA:466,0
DA:467,0
DA:474,0
DA:478,0
DA:499,0
DA:500,0
DA:501,0
DA:503,0
DA:504,0
DA:508,0
DA:509,0
DA:512,0
DA:513,0
DA:514,0
DA:515,0
DA:517,0
DA:518,0
DA:519,0
DA:521,0
DA:524,0
DA:525,0
DA:527,0
DA:530,0
DA:540,0
DA:543,0
DA:546,0
DA:547,0
DA:550,0
DA:554,0
DA:555,0
DA:558,0
DA:570,0
DA:573,0
DA:574,0
DA:578,0
DA:579,0
DA:580,0
DA:581,0
DA:583,0
DA:588,0
DA:589,0
DA:590,0
DA:593,0
DA:597,0
DA:598,0
DA:601,0
DA:606,0
DA:608,0
DA:610,0
DA:611,0
DA:612,0
DA:613,0
DA:615,0
DA:616,0
DA:617,0
DA:618,0
DA:620,0
DA:623,0
DA:626,0
DA:627,0
DA:630,0
DA:633,0
DA:634,0
DA:637,0
DA:644,0
DA:645,0
DA:648,0
DA:649,0
DA:655,0
DA:657,0
DA:662,0
DA:663,0
DA:664,0
DA:666,0
DA:668,0
DA:673,0
DA:676,0
DA:678,0
DA:680,0
DA:683,0
DA:686,0
DA:690,0
DA:691,0
DA:694,0
DA:695,0
DA:700,0
DA:701,0
DA:702,0
DA:704,0
DA:706,0
DA:709,0
DA:711,0
DA:713,0
DA:718,0
DA:721,0
DA:722,0
DA:726,0
DA:730,0
DA:732,0
DA:735,0
DA:738,0
DA:741,0
DA:743,0
DA:747,0
DA:751,0
DA:753,0
DA:754,0
DA:759,0
DA:760,0
DA:761,0
DA:763,0
DA:765,0
DA:766,0
DA:775,0
DA:776,0
DA:784,0
DA:785,0
DA:792,0
DA:793,0
DA:807,0
DA:811,0
DA:812,0
DA:813,0
DA:816,0
DA:818,0
DA:822,0
DA:829,0
DA:835,0
DA:842,0
DA:843,0
DA:844,0
DA:853,0
DA:854,0
DA:860,0
DA:870,0
DA:871,0
DA:872,0
DA:877,0
DA:880,0
DA:881,0
DA:887,0
DA:896,0
DA:897,0
DA:901,0
DA:902,0
DA:907,0
DA:908,0
DA:910,0
DA:911,0
DA:912,0
DA:917,0
DA:927,0
DA:928,0
DA:929,0
DA:930,0
DA:931,0
DA:936,0
DA:937,0
DA:940,0
DA:946,0
DA:947,0
DA:956,0
DA:959,0
DA:972,0
DA:975,0
DA:977,0
DA:978,0
DA:979,0
DA:983,0
DA:984,0
DA:987,0
DA:988,0
DA:994,0
DA:999,0
DA:1000,0
DA:1006,0
DA:1007,0
DA:1012,0
DA:1013,0
DA:1023,0
DA:1025,0
DA:1026,0
DA:1027,0
DA:1029,0
DA:1031,0
DA:1032,0
DA:1035,0
DA:1036,0
DA:1048,0
DA:1052,0
DA:1056,0
DA:1063,0
DA:1071,0
DA:1076,0
DA:1077,0
DA:1080,0
DA:1081,0
DA:1098,0
DA:1102,0
DA:1103,0
DA:1106,0
DA:1108,0
DA:1112,0
DA:1113,0
DA:1116,0
DA:1118,0
DA:1122,0
DA:1123,0
DA:1128,0
DA:1132,0
DA:1133,0
DA:1138,0
DA:1142,0
DA:1144,0
DA:1145,0
DA:1146,0
DA:1147,0
DA:1148,0
DA:1152,0
DA:1156,0
DA:1159,0
DA:1163,0
DA:1167,0
DA:1168,0
DA:1170,0
DA:1171,0
DA:1172,0
DA:1173,0
DA:1183,0
DA:1187,0
DA:1191,0
DA:1192,0
DA:1196,0
DA:1198,0
DA:1200,0
DA:1205,0
DA:1207,0
DA:1208,0
DA:1209,0
DA:1211,0
DA:1215,0
DA:1216,0
DA:1217,0
DA:1220,0
DA:1224,0
DA:1225,0
DA:1226,0
DA:1228,0
DA:1232,0
DA:1233,0
DA:1234,0
DA:1236,0
DA:1240,0
DA:1241,0
DA:1242,0
DA:1244,0
LF:373
LH:0
BRDA:102,0,0,0
BRDA:102,0,1,0
BRDA:103,1,0,0
BRDA:103,1,1,0
BRDA:105,2,0,0
BRDA:105,3,0,0
BRDA:105,3,1,0
BRDA:116,4,0,0
BRDA:117,5,0,0
BRDA:133,6,0,0
BRDA:147,7,0,0
BRDA:172,8,0,0
BRDA:172,9,0,0
BRDA:172,9,1,0
BRDA:174,10,0,0
BRDA:187,11,0,0
BRDA:202,12,0,0
BRDA:204,13,0,0
BRDA:245,14,0,0
BRDA:294,15,0,0
BRDA:294,15,1,0
BRDA:335,16,0,0
BRDA:335,16,1,0
BRDA:335,16,2,0
BRDA:335,16,3,0
BRDA:335,16,4,0
BRDA:335,16,5,0
BRDA:335,16,6,0
BRDA:335,16,7,0
BRDA:335,16,8,0
BRDA:335,16,9,0
BRDA:335,16,10,0
BRDA:335,16,11,0
BRDA:335,16,12,0
BRDA:335,16,13,0
BRDA:342,17,0,0
BRDA:354,18,0,0
BRDA:367,19,0,0
BRDA:387,20,0,0
BRDA:398,21,0,0
BRDA:416,22,0,0
BRDA:425,23,0,0
BRDA:442,24,0,0
BRDA:442,25,0,0
BRDA:442,25,1,0
BRDA:482,26,0,0
BRDA:482,26,1,0
BRDA:483,27,0,0
BRDA:483,27,1,0
BRDA:486,28,0,0
BRDA:486,28,1,0
BRDA:487,29,0,0
BRDA:487,29,1,0
BRDA:490,30,0,0
BRDA:490,30,1,0
BRDA:491,31,0,0
BRDA:491,31,1,0
BRDA:495,32,0,0
BRDA:495,32,1,0
BRDA:500,33,0,0
BRDA:503,34,0,0
BRDA:512,35,0,0
BRDA:512,35,1,0
BRDA:514,36,0,0
BRDA:524,37,0,0
BRDA:524,37,1,0
BRDA:546,38,0,0
BRDA:588,39,0,0
BRDA:608,40,0,0
BRDA:611,41,0,0
BRDA:611,41,1,0
BRDA:615,42,0,0
BRDA:615,42,1,0
BRDA:615,43,0,0
BRDA:615,43,1,0
BRDA:630,44,0,0
BRDA:630,44,1,0
BRDA:648,45,0,0
BRDA:666,46,0,0
BRDA:666,46,1,0
BRDA:683,47,0,0
BRDA:683,47,1,0
BRDA:695,48,0,0
BRDA:695,48,1,0
BRDA:700,49,0,0
BRDA:721,50,0,0
BRDA:730,51,0,0
BRDA:730,52,0,0
BRDA:730,52,1,0
BRDA:751,53,0,0
BRDA:761,54,0,0
BRDA:765,55,0,0
BRDA:775,56,0,0
BRDA:784,57,0,0
BRDA:784,58,0,0
BRDA:784,58,1,0
BRDA:792,59,0,0
BRDA:811,60,0,0
BRDA:819,61,0,0
BRDA:819,61,1,0
BRDA:838,62,0,0
BRDA:838,62,1,0
BRDA:842,63,0,0
BRDA:870,64,0,0
BRDA:875,65,0,0
BRDA:875,65,1,0
BRDA:880,66,0,0
BRDA:880,66,1,0
BRDA:880,67,0,0
BRDA:880,67,1,0
BRDA:883,68,0,0
BRDA:883,68,1,0
BRDA:884,69,0,0
BRDA:884,69,1,0
BRDA:896,70,0,0
BRDA:901,71,0,0
BRDA:908,72,0,0
BRDA:908,72,1,0
BRDA:910,73,0,0
BRDA:910,73,1,0
BRDA:927,74,0,0
BRDA:927,75,0,0
BRDA:927,75,1,0
BRDA:932,76,0,0
BRDA:932,76,1,0
BRDA:936,77,0,0
BRDA:946,78,0,0
BRDA:946,78,1,0
BRDA:978,79,0,0
BRDA:978,79,1,0
BRDA:980,80,0,0
BRDA:980,80,1,0
BRDA:983,81,0,0
BRDA:985,82,0,0
BRDA:985,82,1,0
BRDA:987,83,0,0
BRDA:989,84,0,0
BRDA:989,84,1,0
BRDA:999,85,0,0
BRDA:999,85,1,0
BRDA:999,86,0,0
BRDA:999,86,1,0
BRDA:1006,87,0,0
BRDA:1006,87,1,0
BRDA:1009,88,0,0
BRDA:1009,88,1,0
BRDA:1012,89,0,0
BRDA:1015,90,0,0
BRDA:1015,90,1,0
BRDA:1025,91,0,0
BRDA:1026,92,0,0
BRDA:1031,93,0,0
BRDA:1035,94,0,0
BRDA:1041,95,0,0
BRDA:1041,95,1,0
BRDA:1041,96,0,0
BRDA:1041,96,1,0
BRDA:1045,97,0,0
BRDA:1045,97,1,0
BRDA:1066,98,0,0
BRDA:1066,98,1,0
BRDA:1080,99,0,0
BRDA:1147,100,0,0
BRDA:1147,100,1,0
BRDA:1170,101,0,0
BRDA:1171,102,0,0
BRDA:1171,102,1,0
BRDA:1171,103,0,0
BRDA:1171,103,1,0
BRDA:1171,103,2,0
BRDA:1207,104,0,0
BRDA:1207,104,1,0
BRDA:1216,105,0,0
BRDA:1216,105,1,0
BRDA:1225,106,0,0
BRDA:1225,106,1,0
BRDA:1233,107,0,0
BRDA:1233,107,1,0
BRDA:1241,108,0,0
BRDA:1241,108,1,0
BRF:180
BRH:0
end_of_record
TN:
SF:src/backtest/cli/backtest-cli.ts
FN:15,(anonymous_0)
FN:22,(anonymous_1)
FN:44,(anonymous_2)
FN:85,(anonymous_3)
FN:96,(anonymous_4)
FN:108,(anonymous_5)
FN:129,(anonymous_6)
FN:142,(anonymous_7)
FN:190,(anonymous_8)
FN:210,(anonymous_9)
FN:221,(anonymous_10)
FN:223,(anonymous_11)
FN:242,(anonymous_12)
FNF:13
FNH:0
FNDA:0,(anonymous_0)
FNDA:0,(anonymous_1)
FNDA:0,(anonymous_2)
FNDA:0,(anonymous_3)
FNDA:0,(anonymous_4)
FNDA:0,(anonymous_5)
FNDA:0,(anonymous_6)
FNDA:0,(anonymous_7)
FNDA:0,(anonymous_8)
FNDA:0,(anonymous_9)
FNDA:0,(anonymous_10)
FNDA:0,(anonymous_11)
FNDA:0,(anonymous_12)
DA:12,0
DA:16,0
DA:23,0
DA:24,0
DA:25,0
DA:26,0
DA:27,0
DA:28,0
DA:29,0
DA:30,0
DA:31,0
DA:32,0
DA:33,0
DA:34,0
DA:35,0
DA:36,0
DA:37,0
DA:38,0
DA:45,0
DA:46,0
DA:47,0
DA:50,0
DA:52,0
DA:53,0
DA:55,0
DA:56,0
DA:59,0
DA:60,0
DA:63,0
DA:64,0
DA:67,0
DA:68,0
DA:71,0
DA:72,0
DA:73,0
DA:76,0
DA:77,0
DA:78,0
DA:86,0
DA:88,0
DA:89,0
DA:91,0
DA:92,0
DA:93,0
DA:96,0
DA:97,0
DA:98,0
DA:99,0
DA:101,0
DA:109,0
DA:111,0
DA:112,0
DA:113,0
DA:114,0
DA:115,0
DA:116,0
DA:118,0
DA:123,0
DA:130,0
DA:131,0
DA:132,0
DA:133,0
DA:135,0
DA:143,0
DA:146,0
DA:147,0
DA:150,0
DA:151,0
DA:155,0
DA:158,0
DA:159,0
DA:162,0
DA:163,0
DA:166,0
DA:168,0
DA:169,0
DA:171,0
DA:172,0
DA:176,0
DA:177,0
DA:178,0
DA:180,0
DA:181,0
DA:183,0
DA:191,0
DA:194,0
DA:195,0
DA:198,0
DA:199,0
DA:203,0
DA:206,0
DA:207,0
DA:210,0
DA:213,0
DA:214,0
DA:217,0
DA:218,0
DA:221,0
DA:223,0
DA:224,0
DA:225,0
DA:226,0
DA:227,0
DA:228,0
DA:229,0
DA:233,0
DA:234,0
DA:235,0
DA:243,0
DA:246,0
DA:247,0
DA:250,0
DA:251,0
DA:254,0
DA:255,0
DA:259,0
DA:260,0
DA:263,0
DA:264,0
DA:267,0
DA:268,0
DA:275,0
DA:276,0
DA:277,0
DA:278,0
DA:279,0
DA:280,0
DA:281,0
DA:284,0
DA:285,0
DA:286,0
DA:292,0
DA:293,0
DA:294,0
DA:295,0
LF:135
LH:0
BRDA:45,0,0,0
BRDA:45,1,0,0
BRDA:45,1,1,0
BRDA:53,2,0,0
BRDA:53,2,1,0
BRDA:53,2,2,0
BRDA:53,2,3,0
BRDA:53,2,4,0
BRDA:91,3,0,0
BRDA:98,4,0,0
BRDA:112,5,0,0
BRDA:114,6,0,0
BRDA:114,6,1,0
BRDA:114,7,0,0
BRDA:114,7,1,0
BRDA:146,8,0,0
BRDA:150,9,0,0
BRDA:166,10,0,0
BRDA:166,10,1,0
BRDA:168,11,0,0
BRDA:168,11,1,0
BRDA:176,12,0,0
BRDA:177,13,0,0
BRDA:177,13,1,0
BRDA:194,14,0,0
BRDA:198,15,0,0
BRDA:233,16,0,0
BRDA:246,17,0,0
BRDA:250,18,0,0
BRDA:254,19,0,0
BRDA:284,20,0,0
BRDA:292,21,0,0
BRF:32
BRH:0
end_of_record
TN:
SF:src/backtest/cli/run-backtest.ts
FNF:0
FNH:0
DA:5,0
DA:8,0
DA:11,0
LF:3
LH:0
BRF:0
BRH:0
end_of_record
TN:
SF:src/backtest/controllers/backtest.controller.ts
FN:13,(anonymous_0)
FN:20,(anonymous_1)
FN:34,(anonymous_2)
FN:47,(anonymous_3)
FN:59,(anonymous_4)
FN:90,(anonymous_5)
FN:107,(anonymous_6)
FN:133,(anonymous_7)
FNF:8
FNH:0
FNDA:0,(anonymous_0)
FNDA:0,(anonymous_1)
FNDA:0,(anonymous_2)
FNDA:0,(anonymous_3)
FNDA:0,(anonymous_4)
FNDA:0,(anonymous_5)
FNDA:0,(anonymous_6)
FNDA:0,(anonymous_7)
DA:10,0
DA:14,0
DA:21,0
DA:23,0
DA:24,0
DA:26,0
DA:27,0
DA:35,0
DA:37,0
DA:38,0
DA:40,0
DA:41,0
DA:42,0
DA:43,0
DA:47,0
DA:49,0
DA:51,0
DA:52,0
DA:68,0
DA:70,0
DA:72,0
DA:73,0
DA:75,0
DA:78,0
DA:80,0
DA:83,0
DA:86,0
DA:90,0
DA:93,0
DA:99,0
DA:100,0
DA:108,0
DA:109,0
DA:111,0
DA:112,0
DA:113,0
DA:115,0
DA:116,0
DA:117,0
DA:121,0
DA:122,0
DA:123,0
DA:127,0
DA:140,0
DA:141,0
DA:151,0
DA:153,0
DA:154,0
DA:159,0
DA:160,0
LF:50
LH:0
BRDA:121,0,0,0
BRDA:151,1,0,0
BRF:2
BRH:0
end_of_record
TN:
SF:src/backtest/services/backtest.service.ts
FN:15,(anonymous_0)
FN:126,(anonymous_1)
FN:159,(anonymous_2)
FN:185,(anonymous_3)
FN:210,(anonymous_4)
FN:252,(anonymous_5)
FN:266,(anonymous_6)
FN:284,(anonymous_7)
FN:298,(anonymous_8)
FN:312,(anonymous_9)
FN:379,(anonymous_10)
FN:381,(anonymous_11)
FN:388,(anonymous_12)
FN:394,(anonymous_13)
FN:406,(anonymous_14)
FN:429,(anonymous_15)
FN:448,(anonymous_16)
FN:467,(anonymous_17)
FN:490,(anonymous_18)
FN:522,(anonymous_19)
FN:531,(anonymous_20)
FN:539,(anonymous_21)
FN:540,(anonymous_22)
FN:547,(anonymous_23)
FN:548,(anonymous_24)
FN:549,(anonymous_25)
FN:551,(anonymous_26)
FN:552,(anonymous_27)
FN:554,(anonymous_28)
FN:566,(anonymous_29)
FN:567,(anonymous_30)
FN:573,(anonymous_31)
FN:582,(anonymous_32)
FN:585,(anonymous_33)
FN:586,(anonymous_34)
FN:588,(anonymous_35)
FN:589,(anonymous_36)
FN:601,(anonymous_37)
FN:604,(anonymous_38)
FN:605,(anonymous_39)
FN:611,(anonymous_40)
FN:615,(anonymous_41)
FN:616,(anonymous_42)
FNF:43
FNH:39
FNDA:5,(anonymous_0)
FNDA:5,(anonymous_1)
FNDA:5,(anonymous_2)
FNDA:0,(anonymous_3)
FNDA:5,(anonymous_4)
FNDA:5,(anonymous_5)
FNDA:5,(anonymous_6)
FNDA:0,(anonymous_7)
FNDA:0,(anonymous_8)
FNDA:5,(anonymous_9)
FNDA:5,(anonymous_10)
FNDA:3720,(anonymous_11)
FNDA:3725,(anonymous_12)
FNDA:0,(anonymous_13)
FNDA:5,(anonymous_14)
FNDA:1505,(anonymous_15)
FNDA:1505,(anonymous_16)
FNDA:265,(anonymous_17)
FNDA:265,(anonymous_18)
FNDA:265,(anonymous_19)
FNDA:530,(anonymous_20)
FNDA:5,(anonymous_21)
FNDA:265,(anonymous_22)
FNDA:265,(anonymous_23)
FNDA:265,(anonymous_24)
FNDA:265,(anonymous_25)
FNDA:79,(anonymous_26)
FNDA:185,(anonymous_27)
FNDA:265,(anonymous_28)
FNDA:79,(anonymous_29)
FNDA:185,(anonymous_30)
FNDA:265,(anonymous_31)
FNDA:5,(anonymous_32)
FNDA:265,(anonymous_33)
FNDA:265,(anonymous_34)
FNDA:265,(anonymous_35)
FNDA:265,(anonymous_36)
FNDA:5,(anonymous_37)
FNDA:265,(anonymous_38)
FNDA:265,(anonymous_39)
FNDA:265,(anonymous_40)
FNDA:185,(anonymous_41)
FNDA:185,(anonymous_42)
DA:4,1
DA:9,1
DA:10,3
DA:16,5
DA:19,5
DA:33,5
DA:35,5
DA:37,5
DA:38,0
DA:41,5
DA:44,5
DA:45,0
DA:46,0
DA:47,0
DA:51,5
DA:52,5
DA:53,5
DA:54,5
DA:57,5
DA:59,3725
DA:60,11
DA:61,3714
DA:62,179
DA:66,3725
DA:67,1505
DA:68,1505
DA:70,1505
DA:71,1
DA:72,1
DA:73,1
DA:74,1
DA:79,3725
DA:81,3725
DA:82,731
DA:84,731
DA:86,265
DA:87,265
DA:88,466
DA:90,260
DA:91,260
DA:92,260
DA:93,260
DA:99,5
DA:100,4
DA:101,4
DA:102,4
DA:103,4
DA:107,5
DA:108,5
DA:109,5
DA:112,5
DA:114,5
DA:116,5
DA:118,0
DA:119,0
DA:127,5
DA:129,5
DA:131,5
DA:132,5
DA:133,0
DA:134,0
DA:138,5
DA:139,5
DA:141,0
DA:142,0
DA:143,0
DA:147,5
DA:148,5
DA:149,5
DA:151,0
DA:152,0
DA:161,5
DA:162,5
DA:164,5
DA:166,5
DA:167,5
DA:168,5
DA:172,0
DA:173,0
DA:175,0
DA:177,0
DA:178,0
DA:186,0
DA:187,0
DA:189,0
DA:190,0
DA:191,0
DA:194,0
DA:195,0
DA:196,0
DA:200,0
DA:201,0
DA:203,0
DA:212,5
DA:214,5
DA:215,0
DA:216,0
DA:219,5
DA:221,5
DA:229,5
DA:230,5
DA:233,5
DA:234,5
DA:236,0
DA:237,0
DA:241,0
DA:242,0
DA:244,5
DA:245,5
DA:254,5
DA:260,5
DA:267,5
DA:278,5
DA:298,0
DA:313,5
DA:315,5
DA:316,5
DA:317,5
DA:320,5
DA:329,5
DA:332,5
DA:333,5
DA:334,5
DA:336,5
DA:337,5
DA:340,5
DA:342,3725
DA:343,3725
DA:345,3725
DA:346,0
DA:347,0
DA:351,3725
DA:352,3725
DA:353,3725
DA:356,3725
DA:359,3725
DA:369,3725
DA:372,5
DA:373,5
DA:381,3720
DA:384,5
DA:385,5
DA:387,5
DA:388,3725
DA:392,5
DA:395,0
DA:396,0
DA:399,5
DA:400,5
DA:407,5
DA:430,1505
DA:431,1466
DA:434,39
DA:436,39
DA:437,39
DA:438,39
DA:440,0
DA:441,0
DA:449,1505
DA:450,1505
DA:453,0
DA:455,0
DA:456,0
DA:457,0
DA:459,0
DA:460,0
DA:468,265
DA:469,265
DA:470,265
DA:472,265
DA:496,265
DA:497,265
DA:499,265
DA:500,265
DA:501,265
DA:503,0
DA:506,265
DA:508,265
DA:524,265
DA:525,265
DA:532,530
DA:533,530
DA:540,265
DA:541,5
DA:543,5
DA:544,0
DA:547,265
DA:548,265
DA:549,265
DA:551,79
DA:552,185
DA:554,5
DA:555,265
DA:558,5
DA:566,79
DA:567,185
DA:573,265
DA:576,5
DA:583,5
DA:585,265
DA:586,265
DA:588,265
DA:589,265
DA:590,5
DA:593,5
DA:595,5
DA:602,5
DA:604,265
DA:605,265
DA:608,5
DA:611,265
DA:613,5
DA:615,185
DA:616,185
DA:617,5
DA:619,5
LF:216
LH:166
BRDA:37,0,0,0
BRDA:37,1,0,5
BRDA:37,1,1,5
BRDA:44,2,0,0
BRDA:59,3,0,11
BRDA:59,3,1,3714
BRDA:61,4,0,179
BRDA:66,5,0,1505
BRDA:66,6,0,3725
BRDA:66,6,1,2168
BRDA:70,7,0,1
BRDA:70,8,0,1505
BRDA:70,8,1,1504
BRDA:71,9,0,1
BRDA:71,9,1,0
BRDA:81,10,0,731
BRDA:84,11,0,265
BRDA:84,11,1,466
BRDA:84,12,0,731
BRDA:84,12,1,379
BRDA:88,13,0,260
BRDA:88,14,0,466
BRDA:88,14,1,352
BRDA:88,14,2,300
BRDA:99,15,0,4
BRDA:99,16,0,5
BRDA:99,16,1,5
BRDA:132,17,0,0
BRDA:132,18,0,5
BRDA:132,18,1,0
BRDA:139,19,0,0
BRDA:139,20,0,5
BRDA:139,20,1,0
BRDA:167,21,0,5
BRDA:195,22,0,0
BRDA:214,23,0,0
BRDA:236,24,0,0
BRDA:260,25,0,5
BRDA:260,25,1,0
BRDA:278,26,0,5
BRDA:278,26,1,0
BRDA:329,27,0,5
BRDA:329,27,1,0
BRDA:343,28,0,3725
BRDA:343,28,1,3130
BRDA:345,29,0,0
BRDA:345,30,0,3725
BRDA:345,30,1,0
BRDA:388,31,0,3725
BRDA:388,31,1,3725
BRDA:392,32,0,5
BRDA:392,32,1,0
BRDA:396,33,0,0
BRDA:396,33,1,0
BRDA:430,34,0,1466
BRDA:430,35,0,1505
BRDA:430,35,1,39
BRDA:436,36,0,39
BRDA:436,36,1,0
BRDA:449,37,0,1505
BRDA:449,38,0,1505
BRDA:449,38,1,0
BRDA:455,39,0,0
BRDA:455,39,1,0
BRDA:500,40,0,265
BRDA:500,40,1,0
BRDA:543,41,0,0
BRDA:555,42,0,265
BRDA:555,42,1,0
BRDA:555,43,0,265
BRDA:555,43,1,265
BRDA:564,44,0,5
BRDA:564,44,1,0
BRDA:565,45,0,5
BRDA:565,45,1,0
BRDA:566,46,0,5
BRDA:566,46,1,0
BRDA:567,47,0,5
BRDA:567,47,1,0
BRDA:568,48,0,5
BRDA:568,48,1,0
BRDA:568,49,0,0
BRDA:568,49,1,0
BRDA:573,50,0,5
BRDA:573,50,1,0
BRDA:583,51,0,0
BRDA:595,52,0,5
BRDA:595,52,1,0
BRDA:602,53,0,0
BRDA:613,54,0,0
BRDA:613,55,0,0
BRDA:613,55,1,0
BRDA:619,56,0,5
BRDA:619,56,1,0
BRF:94
BRH:54
end_of_record
TN:
SF:src/config/config.ts
FN:50,(anonymous_0)
FN:60,(anonymous_1)
FN:77,(anonymous_2)
FN:196,(anonymous_3)
FNF:4
FNH:0
FNDA:0,(anonymous_0)
FNDA:0,(anonymous_1)
FNDA:0,(anonymous_2)
FNDA:0,(anonymous_3)
DA:5,0
DA:50,0
DA:51,0
DA:60,0
DA:77,0
DA:192,0
DA:196,0
DA:197,0
DA:199,0
DA:202,0
LF:10
LH:0
BRDA:52,0,0,0
BRDA:52,0,1,0
BRDA:55,1,0,0
BRDA:55,1,1,0
BRDA:59,2,0,0
BRDA:59,2,1,0
BRDA:62,3,0,0
BRDA:62,3,1,0
BRDA:63,4,0,0
BRDA:63,4,1,0
BRDA:64,5,0,0
BRDA:64,5,1,0
BRDA:65,6,0,0
BRDA:65,6,1,0
BRDA:66,7,0,0
BRDA:66,7,1,0
BRDA:67,8,0,0
BRDA:67,8,1,0
BRDA:68,9,0,0
BRDA:68,9,1,0
BRDA:69,10,0,0
BRDA:69,10,1,0
BRDA:70,11,0,0
BRDA:70,11,1,0
BRDA:71,12,0,0
BRDA:71,12,1,0
BRDA:72,13,0,0
BRDA:72,13,1,0
BRDA:73,14,0,0
BRDA:73,14,1,0
BRDA:76,15,0,0
BRDA:76,15,1,0
BRDA:83,16,0,0
BRDA:83,16,1,0
BRDA:84,17,0,0
BRDA:84,17,1,0
BRDA:86,18,0,0
BRDA:86,18,1,0
BRDA:87,19,0,0
BRDA:87,19,1,0
BRDA:88,20,0,0
BRDA:88,20,1,0
BRDA:89,21,0,0
BRDA:89,21,1,0
BRDA:90,22,0,0
BRDA:90,22,1,0
BRDA:91,23,0,0
BRDA:91,23,1,0
BRDA:92,24,0,0
BRDA:92,24,1,0
BRDA:93,25,0,0
BRDA:93,25,1,0
BRDA:94,26,0,0
BRDA:94,26,1,0
BRDA:95,27,0,0
BRDA:95,27,1,0
BRDA:104,28,0,0
BRDA:104,28,1,0
BRDA:105,29,0,0
BRDA:105,29,1,0
BRDA:106,30,0,0
BRDA:106,30,1,0
BRDA:108,31,0,0
BRDA:108,31,1,0
BRDA:109,32,0,0
BRDA:109,32,1,0
BRDA:110,33,0,0
BRDA:110,33,1,0
BRDA:111,34,0,0
BRDA:111,34,1,0
BRDA:112,35,0,0
BRDA:112,35,1,0
BRDA:113,36,0,0
BRDA:113,36,1,0
BRDA:114,37,0,0
BRDA:114,37,1,0
BRDA:115,38,0,0
BRDA:115,38,1,0
BRDA:116,39,0,0
BRDA:116,39,1,0
BRDA:117,40,0,0
BRDA:117,40,1,0
BRDA:126,41,0,0
BRDA:126,41,1,0
BRDA:127,42,0,0
BRDA:127,42,1,0
BRDA:129,43,0,0
BRDA:129,43,1,0
BRDA:130,44,0,0
BRDA:130,44,1,0
BRDA:131,45,0,0
BRDA:131,45,1,0
BRDA:132,46,0,0
BRDA:132,46,1,0
BRDA:133,47,0,0
BRDA:133,47,1,0
BRDA:134,48,0,0
BRDA:134,48,1,0
BRDA:135,49,0,0
BRDA:135,49,1,0
BRDA:136,50,0,0
BRDA:136,50,1,0
BRDA:137,51,0,0
BRDA:137,51,1,0
BRDA:146,52,0,0
BRDA:146,52,1,0
BRDA:147,53,0,0
BRDA:147,53,1,0
BRDA:149,54,0,0
BRDA:149,54,1,0
BRDA:150,55,0,0
BRDA:150,55,1,0
BRDA:151,56,0,0
BRDA:151,56,1,0
BRDA:152,57,0,0
BRDA:152,57,1,0
BRDA:153,58,0,0
BRDA:153,58,1,0
BRDA:154,59,0,0
BRDA:154,59,1,0
BRDA:155,60,0,0
BRDA:155,60,1,0
BRDA:156,61,0,0
BRDA:156,61,1,0
BRDA:157,62,0,0
BRDA:157,62,1,0
BRDA:167,63,0,0
BRDA:167,63,1,0
BRDA:168,64,0,0
BRDA:168,64,1,0
BRDA:170,65,0,0
BRDA:170,65,1,0
BRDA:171,66,0,0
BRDA:171,66,1,0
BRDA:172,67,0,0
BRDA:172,67,1,0
BRDA:173,68,0,0
BRDA:173,68,1,0
BRDA:174,69,0,0
BRDA:174,69,1,0
BRDA:175,70,0,0
BRDA:175,70,1,0
BRDA:176,71,0,0
BRDA:176,71,1,0
BRDA:177,72,0,0
BRDA:177,72,1,0
BRDA:178,73,0,0
BRDA:178,73,1,0
BRDA:179,74,0,0
BRDA:179,74,1,0
BRDA:185,75,0,0
BRDA:185,75,1,0
BRDA:197,76,0,0
BRDA:197,76,1,0
BRDA:197,76,2,0
BRF:155
BRH:0
end_of_record
TN:
SF:src/domain/models/market.model.ts
FN:1,(anonymous_0)
FN:6,(anonymous_1)
FN:14,(anonymous_2)
FN:61,(anonymous_3)
FNF:4
FNH:0
FNDA:0,(anonymous_0)
FNDA:0,(anonymous_1)
FNDA:0,(anonymous_2)
FNDA:0,(anonymous_3)
DA:1,0
DA:2,0
DA:3,0
DA:6,0
DA:7,0
DA:8,0
DA:9,0
DA:10,0
DA:11,0
DA:14,0
DA:15,0
DA:16,0
DA:17,0
DA:18,0
DA:19,0
DA:61,0
DA:62,0
DA:63,0
DA:64,0
DA:65,0
DA:66,0
LF:21
LH:0
BRDA:1,0,0,0
BRDA:1,0,1,0
BRDA:6,1,0,0
BRDA:6,1,1,0
BRDA:14,2,0,0
BRDA:14,2,1,0
BRDA:61,3,0,0
BRDA:61,3,1,0
BRF:8
BRH:0
end_of_record
TN:
SF:src/domain/services/strategy.service.ts
FN:17,(anonymous_0)
FN:24,(anonymous_1)
FN:28,(anonymous_2)
FN:32,(anonymous_3)
FN:36,(anonymous_4)
FN:40,(anonymous_5)
FN:56,(anonymous_6)
FNF:7
FNH:0
FNDA:0,(anonymous_0)
FNDA:0,(anonymous_1)
FNDA:0,(anonymous_2)
FNDA:0,(anonymous_3)
FNDA:0,(anonymous_4)
FNDA:0,(anonymous_5)
FNDA:0,(anonymous_6)
DA:17,0
DA:19,0
DA:23,0
DA:25,0
DA:29,0
DA:33,0
DA:37,0
DA:41,0
DA:43,0
DA:44,0
DA:45,0
DA:46,0
DA:48,0
DA:49,0
DA:53,0
DA:57,0
DA:58,0
DA:60,0
LF:18
LH:0
BRDA:58,0,0,0
BRF:1
BRH:0
end_of_record
TN:
SF:src/domain/services/trading-bot.service.ts
FN:31,(anonymous_0)
FN:46,(anonymous_1)
FN:95,(anonymous_2)
FN:155,(anonymous_3)
FN:173,(anonymous_4)
FN:179,(anonymous_5)
FN:183,(anonymous_6)
FN:190,(anonymous_7)
FNF:8
FNH:0
FNDA:0,(anonymous_0)
FNDA:0,(anonymous_1)
FNDA:0,(anonymous_2)
FNDA:0,(anonymous_3)
FNDA:0,(anonymous_4)
FNDA:0,(anonymous_5)
FNDA:0,(anonymous_6)
FNDA:0,(anonymous_7)
DA:31,0
DA:35,0
DA:36,0
DA:38,0
DA:46,0
DA:51,0
DA:53,0
DA:55,0
DA:56,0
DA:60,0
DA:61,0
DA:65,0
DA:66,0
DA:68,0
DA:71,0
DA:72,0
DA:73,0
DA:74,0
DA:75,0
DA:78,0
DA:82,0
DA:83,0
DA:86,0
DA:87,0
DA:91,0
DA:94,0
DA:95,0
DA:96,0
DA:99,0
DA:100,0
DA:101,0
DA:102,0
DA:106,0
DA:110,0
DA:112,0
DA:113,0
DA:116,0
DA:119,0
DA:120,0
DA:122,0
DA:124,0
DA:125,0
DA:126,0
DA:127,0
DA:128,0
DA:130,0
DA:132,0
DA:139,0
DA:143,0
DA:148,0
DA:155,0
DA:156,0
DA:159,0
DA:160,0
DA:161,0
DA:162,0
DA:164,0
DA:169,0
DA:173,0
DA:174,0
DA:176,0
DA:179,0
DA:180,0
DA:183,0
DA:184,0
DA:190,0
DA:191,0
DA:198,0
LF:68
LH:0
BRDA:53,0,0,0
BRDA:53,0,1,0
BRDA:53,0,2,0
BRDA:53,0,3,0
BRDA:53,0,4,0
BRDA:53,0,5,0
BRDA:72,1,0,0
BRDA:72,2,0,0
BRDA:72,2,1,0
BRDA:87,3,0,0
BRDA:87,3,1,0
BRDA:94,4,0,0
BRDA:99,5,0,0
BRDA:110,6,0,0
BRDA:120,7,0,0
BRDA:125,8,0,0
BRDA:128,9,0,0
BRDA:128,9,1,0
BRDA:156,10,0,0
BRF:19
BRH:0
end_of_record
TN:
SF:src/infrastructure/logger.ts
FN:35,(anonymous_0)
FN:39,(anonymous_1)
FN:45,(anonymous_2)
FN:52,(anonymous_3)
FN:54,(anonymous_4)
FN:62,(anonymous_5)
FN:70,(anonymous_6)
FN:78,(anonymous_7)
FN:95,(anonymous_8)
FN:116,(anonymous_9)
FNF:10
FNH:0
FNDA:0,(anonymous_0)
FNDA:0,(anonymous_1)
FNDA:0,(anonymous_2)
FNDA:0,(anonymous_3)
FNDA:0,(anonymous_4)
FNDA:0,(anonymous_5)
FNDA:0,(anonymous_6)
FNDA:0,(anonymous_7)
FNDA:0,(anonymous_8)
FNDA:0,(anonymous_9)
DA:21,0
DA:27,0
DA:35,0
DA:36,0
DA:39,0
DA:40,0
DA:41,0
DA:42,0
DA:45,0
DA:46,0
DA:47,0
DA:52,0
DA:53,0
DA:55,0
DA:56,0
DA:57,0
DA:58,0
DA:63,0
DA:64,0
DA:65,0
DA:66,0
DA:71,0
DA:72,0
DA:73,0
DA:74,0
DA:79,0
DA:80,0
DA:84,0
DA:85,0
DA:86,0
DA:95,0
DA:97,0
DA:98,0
DA:99,0
DA:101,0
DA:106,0
DA:113,0
DA:116,0
DA:117,0
DA:119,0
DA:121,0
LF:41
LH:0
BRDA:41,0,0,0
BRDA:41,0,1,0
BRDA:46,1,0,0
BRDA:46,2,0,0
BRDA:46,2,1,0
BRDA:55,3,0,0
BRDA:63,4,0,0
BRDA:71,5,0,0
BRDA:79,6,0,0
BRDA:80,7,0,0
BRDA:80,7,1,0
BRDA:97,8,0,0
BRDA:97,9,0,0
BRDA:97,9,1,0
BRDA:99,10,0,0
BRDA:117,11,0,0
BRF:16
BRH:0
end_of_record
TN:
SF:src/infrastructure/config/enhanced-config.ts
FN:146,(anonymous_0)
FN:149,(anonymous_1)
FN:150,(anonymous_2)
FN:173,(anonymous_3)
FN:289,(anonymous_4)
FN:302,(anonymous_5)
FN:309,(anonymous_6)
FNF:7
FNH:0
FNDA:0,(anonymous_0)
FNDA:0,(anonymous_1)
FNDA:0,(anonymous_2)
FNDA:0,(anonymous_3)
FNDA:0,(anonymous_4)
FNDA:0,(anonymous_5)
FNDA:0,(anonymous_6)
DA:11,0
DA:19,0
DA:76,0
DA:82,0
DA:91,0
DA:103,0
DA:127,0
DA:146,0
DA:147,0
DA:149,0
DA:150,0
DA:152,0
DA:173,0
DA:277,0
DA:278,0
DA:279,0
DA:281,0
DA:282,0
DA:289,0
DA:290,0
DA:292,0
DA:295,0
DA:302,0
DA:303,0
DA:309,0
DA:310,0
LF:26
LH:0
BRDA:147,0,0,0
BRDA:147,0,1,0
BRDA:153,1,0,0
BRDA:153,1,1,0
BRDA:156,2,0,0
BRDA:156,2,1,0
BRDA:160,3,0,0
BRDA:160,3,1,0
BRDA:161,4,0,0
BRDA:161,4,1,0
BRDA:162,5,0,0
BRDA:162,5,1,0
BRDA:163,6,0,0
BRDA:163,6,1,0
BRDA:164,7,0,0
BRDA:164,7,1,0
BRDA:165,8,0,0
BRDA:165,8,1,0
BRDA:166,9,0,0
BRDA:166,9,1,0
BRDA:167,10,0,0
BRDA:167,10,1,0
BRDA:168,11,0,0
BRDA:168,11,1,0
BRDA:169,12,0,0
BRDA:169,12,1,0
BRDA:170,13,0,0
BRDA:170,13,1,0
BRDA:177,14,0,0
BRDA:177,14,1,0
BRDA:179,15,0,0
BRDA:179,15,1,0
BRDA:180,16,0,0
BRDA:180,16,1,0
BRDA:181,17,0,0
BRDA:181,17,1,0
BRDA:182,18,0,0
BRDA:182,18,1,0
BRDA:184,19,0,0
BRDA:184,19,1,0
BRDA:190,20,0,0
BRDA:190,20,1,0
BRDA:192,21,0,0
BRDA:192,21,1,0
BRDA:193,22,0,0
BRDA:193,22,1,0
BRDA:194,23,0,0
BRDA:194,23,1,0
BRDA:195,24,0,0
BRDA:195,24,1,0
BRDA:196,25,0,0
BRDA:196,25,1,0
BRDA:197,26,0,0
BRDA:197,26,1,0
BRDA:199,27,0,0
BRDA:199,27,1,0
BRDA:205,28,0,0
BRDA:205,28,1,0
BRDA:207,29,0,0
BRDA:207,29,1,0
BRDA:208,30,0,0
BRDA:208,30,1,0
BRDA:209,31,0,0
BRDA:209,31,1,0
BRDA:210,32,0,0
BRDA:210,32,1,0
BRDA:213,33,0,0
BRDA:213,33,1,0
BRDA:219,34,0,0
BRDA:219,34,1,0
BRDA:221,35,0,0
BRDA:221,35,1,0
BRDA:222,36,0,0
BRDA:222,36,1,0
BRDA:223,37,0,0
BRDA:223,37,1,0
BRDA:225,38,0,0
BRDA:225,38,1,0
BRDA:233,39,0,0
BRDA:233,39,1,0
BRDA:234,40,0,0
BRDA:234,40,1,0
BRDA:237,41,0,0
BRDA:237,41,1,0
BRDA:238,42,0,0
BRDA:238,42,1,0
BRDA:241,43,0,0
BRDA:241,43,1,0
BRDA:242,44,0,0
BRDA:242,44,1,0
BRDA:245,45,0,0
BRDA:245,45,1,0
BRDA:250,46,0,0
BRDA:250,46,1,0
BRDA:251,47,0,0
BRDA:251,47,1,0
BRDA:252,48,0,0
BRDA:252,48,1,0
BRDA:257,49,0,0
BRDA:257,49,1,0
BRDA:258,50,0,0
BRDA:258,50,1,0
BRDA:262,51,0,0
BRDA:262,51,1,0
BRDA:265,52,0,0
BRDA:265,52,1,0
BRDA:269,53,0,0
BRDA:269,53,1,0
BRDA:272,54,0,0
BRDA:272,54,1,0
BRDA:273,55,0,0
BRDA:273,55,1,0
BRDA:290,56,0,0
BRDA:290,56,1,0
BRDA:290,56,2,0
BRF:115
BRH:0
end_of_record
TN:
SF:src/infrastructure/logging/enhanced-logger.ts
FN:66,(anonymous_9)
FN:73,(anonymous_10)
FN:111,(anonymous_11)
FN:123,(anonymous_12)
FN:147,(anonymous_13)
FN:184,(anonymous_14)
FN:186,(anonymous_15)
FN:196,(anonymous_16)
FN:206,(anonymous_17)
FN:216,(anonymous_18)
FN:230,(anonymous_19)
FN:234,(anonymous_20)
FN:246,(anonymous_21)
FN:268,(anonymous_22)
FN:278,(anonymous_23)
FN:282,(anonymous_24)
FN:287,(anonymous_25)
FN:292,(anonymous_26)
FN:297,(anonymous_27)
FN:312,(anonymous_28)
FN:340,(anonymous_29)
FN:354,(anonymous_30)
FNF:22
FNH:15
FNDA:781,(anonymous_9)
FNDA:45,(anonymous_10)
FNDA:45,(anonymous_11)
FNDA:45,(anonymous_12)
FNDA:0,(anonymous_13)
FNDA:1,(anonymous_14)
FNDA:736,(anonymous_15)
FNDA:35,(anonymous_16)
FNDA:5,(anonymous_17)
FNDA:5,(anonymous_18)
FNDA:0,(anonymous_19)
FNDA:0,(anonymous_20)
FNDA:0,(anonymous_21)
FNDA:3,(anonymous_22)
FNDA:3,(anonymous_23)
FNDA:736,(anonymous_24)
FNDA:35,(anonymous_25)
FNDA:5,(anonymous_26)
FNDA:5,(anonymous_27)
FNDA:0,(anonymous_28)
FNDA:0,(anonymous_29)
FNDA:0,(anonymous_30)
DA:5,1
DA:6,1
DA:8,1
DA:32,1
DA:44,1
DA:47,1
DA:55,1
DA:66,1
DA:67,781
DA:73,1
DA:79,45
DA:82,45
DA:83,45
DA:87,45
DA:88,45
DA:92,45
DA:93,0
DA:97,45
DA:100,45
DA:101,45
DA:102,45
DA:105,45
DA:111,1
DA:112,45
DA:113,0
DA:116,45
DA:117,45
DA:123,1
DA:124,45
DA:125,45
DA:128,0
DA:130,0
DA:131,0
DA:132,0
DA:133,0
DA:138,0
DA:140,0
DA:147,1
DA:148,0
DA:150,0
DA:151,0
DA:152,0
DA:154,0
DA:156,0
DA:157,0
DA:158,0
DA:162,0
DA:163,0
DA:164,0
DA:166,0
DA:167,0
DA:172,0
DA:173,0
DA:174,0
DA:177,0
DA:184,1
DA:185,1
DA:187,736
DA:188,0
DA:189,0
DA:191,0
DA:192,0
DA:197,35
DA:198,35
DA:199,35
DA:201,35
DA:202,35
DA:207,5
DA:208,5
DA:209,5
DA:211,5
DA:212,5
DA:217,5
DA:218,5
DA:222,5
DA:223,5
DA:225,5
DA:226,5
DA:231,0
DA:235,0
DA:246,1
DA:247,0
DA:250,0
DA:251,0
DA:252,0
DA:253,0
DA:258,0
DA:259,0
DA:261,0
DA:268,1
DA:269,3
DA:270,1
DA:272,3
DA:278,1
DA:279,3
DA:281,3
DA:283,736
DA:284,736
DA:288,35
DA:289,35
DA:293,5
DA:294,5
DA:298,5
DA:299,5
DA:308,1
DA:316,0
DA:317,0
DA:319,0
DA:321,0
DA:322,0
DA:323,0
DA:325,0
DA:327,0
DA:329,0
DA:331,0
DA:333,0
DA:341,0
DA:342,0
DA:344,0
DA:358,0
DA:359,0
DA:361,0
LF:122
LH:65
BRDA:82,0,0,45
BRDA:87,1,0,45
BRDA:92,2,0,0
BRDA:92,3,0,45
BRDA:92,3,1,0
BRDA:100,4,0,45
BRDA:100,5,0,45
BRDA:100,5,1,45
BRDA:112,6,0,0
BRDA:124,7,0,45
BRDA:124,8,0,45
BRDA:124,8,1,0
BRDA:130,9,0,0
BRDA:132,10,0,0
BRDA:148,11,0,0
BRDA:157,12,0,0
BRDA:166,13,0,0
BRDA:173,14,0,0
BRDA:187,15,0,0
BRDA:197,16,0,35
BRDA:207,17,0,5
BRDA:217,18,0,5
BRDA:218,19,0,5
BRDA:218,19,1,0
BRDA:250,20,0,0
BRDA:250,21,0,0
BRDA:250,21,1,0
BRDA:252,22,0,0
BRDA:258,23,0,0
BRDA:258,23,1,0
BRDA:269,24,0,1
BRF:31
BRH:13
end_of_record
TN:
SF:src/shared/utils/parallel-execution.ts
FN:11,executeWithConcurrencyLimit
FN:19,(anonymous_1)
FN:38,(anonymous_2)
FN:54,batchItems
FN:70,processBatchesInParallel
FN:80,(anonymous_5)
FN:80,(anonymous_6)
FN:82,(anonymous_7)
FNF:8
FNH:8
FNDA:4,executeWithConcurrencyLimit
FNDA:45,(anonymous_1)
FNDA:11,(anonymous_2)
FNDA:4,batchItems
FNDA:3,processBatchesInParallel
FNDA:14,(anonymous_5)
FNDA:14,(anonymous_6)
FNDA:90,(anonymous_7)
DA:11,1
DA:15,4
DA:16,4
DA:19,4
DA:20,45
DA:22,34
DA:23,34
DA:24,30
DA:26,4
DA:27,4
DA:31,34
DA:35,4
DA:36,4
DA:38,11
DA:40,4
DA:43,4
DA:45,4
DA:54,1
DA:55,4
DA:56,4
DA:57,18
DA:59,4
DA:70,1
DA:77,3
DA:80,14
DA:81,14
DA:82,90
DA:84,10
DA:88,3
DA:91,3
LF:30
LH:30
BRDA:13,0,0,0
BRDA:20,1,0,11
BRDA:73,2,0,0
BRDA:74,3,0,0
BRF:4
BRH:1
end_of_record
